<?xml version="1.0" encoding="UTF-8"?>
<testsuite name="example.Homework2.LetterOrderCheckerTest" tests="5" skipped="0" failures="0" errors="0" timestamp="2024-01-10T11:25:32" hostname="MBP-di-Emanuele.lan" time="2.462">
  <properties/>
  <testcase name="invalidCase" classname="example.Homework2.LetterOrderCheckerTest" time="1.096"/>
  <testcase name="failCase" classname="example.Homework2.LetterOrderCheckerTest" time="0.632"/>
  <testcase name="passCase" classname="example.Homework2.LetterOrderCheckerTest" time="0.596"/>
  <testcase name="firstLetter uguale a secondLetter" classname="example.Homework2.LetterOrderCheckerTest" time="0.018"/>
  <testcase name="str contiene numeri o caratteri speciali" classname="example.Homework2.LetterOrderCheckerTest" time="0.001"/>
  <system-out><![CDATA[timestamp = 2024-01-10T12:25:33.044885, generated = 
  arg0: "ciupwenw"

timestamp = 2024-01-10T12:25:33.088107, generated = 
  arg0: "tejx"

timestamp = 2024-01-10T12:25:33.090193, generated = 
  arg0: "hhqxqummjaafxd"

timestamp = 2024-01-10T12:25:33.091588, generated = 
  arg0: "umilxp"

timestamp = 2024-01-10T12:25:33.092859, generated = 
  arg0: "q"

timestamp = 2024-01-10T12:25:33.093933, generated = 
  arg0: "a"

timestamp = 2024-01-10T12:25:33.095274, generated = 
  arg0: "z"

timestamp = 2024-01-10T12:25:33.096447, generated = 
  arg0: "uamyjc"

timestamp = 2024-01-10T12:25:33.097515, generated = 
  arg0: "uvjp"

timestamp = 2024-01-10T12:25:33.098651, generated = 
  arg0: "z"

timestamp = 2024-01-10T12:25:33.100100, generated = 
  arg0: "kzrylyvsmjiw"

timestamp = 2024-01-10T12:25:33.101469, generated = 
  arg0: "g"

timestamp = 2024-01-10T12:25:33.103025, generated = 
  arg0: "oewdvheecvhjcz"

timestamp = 2024-01-10T12:25:33.104476, generated = 
  arg0: "gktblbpzuqv"

timestamp = 2024-01-10T12:25:33.105799, generated = 
  arg0: "kxmn"

timestamp = 2024-01-10T12:25:33.106902, generated = 
  arg0: "p"

timestamp = 2024-01-10T12:25:33.108221, generated = 
  arg0: "nhyyi"

timestamp = 2024-01-10T12:25:33.109342, generated = 
  arg0: "bnyve"

timestamp = 2024-01-10T12:25:33.110698, generated = 
  arg0: "moyeetdxrkb"

timestamp = 2024-01-10T12:25:33.111710, generated = 
  arg0: ""

timestamp = 2024-01-10T12:25:33.113477, generated = 
  arg0: "dg"

timestamp = 2024-01-10T12:25:33.114732, generated = 
  arg0: "iiahjhzljucxz"

timestamp = 2024-01-10T12:25:33.116655, generated = 
  arg0: "syir"

timestamp = 2024-01-10T12:25:33.118053, generated = 
  arg0: "okzyrbgqbk"

timestamp = 2024-01-10T12:25:33.119334, generated = 
  arg0: "nowtt"

timestamp = 2024-01-10T12:25:33.120645, generated = 
  arg0: "vkmfowse"

timestamp = 2024-01-10T12:25:33.121765, generated = 
  arg0: "vjluhdxxmuilp"

timestamp = 2024-01-10T12:25:33.122823, generated = 
  arg0: "jqnhu"

timestamp = 2024-01-10T12:25:33.123940, generated = 
  arg0: "utfvytsns"

timestamp = 2024-01-10T12:25:33.125008, generated = 
  arg0: "lcgtcbgomlnwfvx"

timestamp = 2024-01-10T12:25:33.126071, generated = 
  arg0: "thubhzqxnrv"

timestamp = 2024-01-10T12:25:33.127202, generated = 
  arg0: "xdomw"

timestamp = 2024-01-10T12:25:33.128408, generated = 
  arg0: "vquqtriazrqip"

timestamp = 2024-01-10T12:25:33.130197, generated = 
  arg0: "jmnphz"

timestamp = 2024-01-10T12:25:33.131398, generated = 
  arg0: "whodrzbbdipz"

timestamp = 2024-01-10T12:25:33.132439, generated = 
  arg0: "yqcgbnljy"

timestamp = 2024-01-10T12:25:33.133364, generated = 
  arg0: "sdrr"

timestamp = 2024-01-10T12:25:33.134485, generated = 
  arg0: "uqpfjlacnww"

timestamp = 2024-01-10T12:25:33.135553, generated = 
  arg0: "awcisjupmnjna"

timestamp = 2024-01-10T12:25:33.136679, generated = 
  arg0: "nis"

timestamp = 2024-01-10T12:25:33.137701, generated = 
  arg0: "ayzpypkiigeej"

timestamp = 2024-01-10T12:25:33.138717, generated = 
  arg0: "jdygrrxqinczb"

timestamp = 2024-01-10T12:25:33.139873, generated = 
  arg0: "ysfdfowmn"

timestamp = 2024-01-10T12:25:33.140960, generated = 
  arg0: "bcnlkahm"

timestamp = 2024-01-10T12:25:33.141817, generated = 
  arg0: "qtgp"

timestamp = 2024-01-10T12:25:33.142798, generated = 
  arg0: "qjgsrp"

timestamp = 2024-01-10T12:25:33.143754, generated = 
  arg0: "yqljmasfff"

timestamp = 2024-01-10T12:25:33.144816, generated = 
  arg0: "swfhdkpisunh"

timestamp = 2024-01-10T12:25:33.145889, generated = 
  arg0: "jk"

timestamp = 2024-01-10T12:25:33.147563, generated = 
  arg0: "aflzudpsxbaflgo"

timestamp = 2024-01-10T12:25:33.148763, generated = 
  arg0: "sbodtwegq"

timestamp = 2024-01-10T12:25:33.150009, generated = 
  arg0: "avqspbtxfrl"

timestamp = 2024-01-10T12:25:33.150773, generated = 
  arg0: ""

timestamp = 2024-01-10T12:25:33.151486, generated = 
  arg0: ""

timestamp = 2024-01-10T12:25:33.152553, generated = 
  arg0: "yeg"

timestamp = 2024-01-10T12:25:33.153519, generated = 
  arg0: "iybjreaaymh"

timestamp = 2024-01-10T12:25:33.154360, generated = 
  arg0: "jikudztvqqsgip"

timestamp = 2024-01-10T12:25:33.155221, generated = 
  arg0: "gybski"

timestamp = 2024-01-10T12:25:33.156188, generated = 
  arg0: ""

timestamp = 2024-01-10T12:25:33.157070, generated = 
  arg0: "gxl"

timestamp = 2024-01-10T12:25:33.157886, generated = 
  arg0: "pagixrsbd"

timestamp = 2024-01-10T12:25:33.159151, generated = 
  arg0: "swvlzwonjnaihui"

timestamp = 2024-01-10T12:25:33.160414, generated = 
  arg0: "pgsmcc"

timestamp = 2024-01-10T12:25:33.161323, generated = 
  arg0: ""

timestamp = 2024-01-10T12:25:33.162271, generated = 
  arg0: "txgkor"

timestamp = 2024-01-10T12:25:33.163104, generated = 
  arg0: "dtxaphn"

timestamp = 2024-01-10T12:25:33.164029, generated = 
  arg0: "rdiahdpzllx"

timestamp = 2024-01-10T12:25:33.164906, generated = 
  arg0: "asy"

timestamp = 2024-01-10T12:25:33.165654, generated = 
  arg0: "giialsodzzfweaa"

timestamp = 2024-01-10T12:25:33.166444, generated = 
  arg0: "whsmwbly"

timestamp = 2024-01-10T12:25:33.167240, generated = 
  arg0: "ucbbilblxh"

timestamp = 2024-01-10T12:25:33.168141, generated = 
  arg0: "oihcnfwvqqa"

timestamp = 2024-01-10T12:25:33.169051, generated = 
  arg0: "ffphm"

timestamp = 2024-01-10T12:25:33.170624, generated = 
  arg0: "zxnixndkdligg"

timestamp = 2024-01-10T12:25:33.171451, generated = 
  arg0: "etduax"

timestamp = 2024-01-10T12:25:33.172127, generated = 
  arg0: "eeopgjyis"

timestamp = 2024-01-10T12:25:33.172860, generated = 
  arg0: "cndamxhocdaid"

timestamp = 2024-01-10T12:25:33.173487, generated = 
  arg0: "kkb"

timestamp = 2024-01-10T12:25:33.174076, generated = 
  arg0: "wtg"

timestamp = 2024-01-10T12:25:33.174790, generated = 
  arg0: "trimsdg"

timestamp = 2024-01-10T12:25:33.175596, generated = 
  arg0: "ckyswkkxqqb"

timestamp = 2024-01-10T12:25:33.176391, generated = 
  arg0: "yhhkqd"

timestamp = 2024-01-10T12:25:33.177084, generated = 
  arg0: "hxmfhe"

timestamp = 2024-01-10T12:25:33.177958, generated = 
  arg0: "vszwlajtkjykuy"

timestamp = 2024-01-10T12:25:33.178598, generated = 
  arg0: "rnxmygxdemw"

timestamp = 2024-01-10T12:25:33.179153, generated = 
  arg0: ""

timestamp = 2024-01-10T12:25:33.180134, generated = 
  arg0: "owdlsqmofvlccvy"

timestamp = 2024-01-10T12:25:33.180779, generated = 
  arg0: "yrslipzsr"

timestamp = 2024-01-10T12:25:33.181620, generated = 
  arg0: "wl"

timestamp = 2024-01-10T12:25:33.182603, generated = 
  arg0: "tovzvuf"

timestamp = 2024-01-10T12:25:33.183297, generated = 
  arg0: "tuak"

timestamp = 2024-01-10T12:25:33.183899, generated = 
  arg0: ""

timestamp = 2024-01-10T12:25:33.184927, generated = 
  arg0: "lsppwggwbfbht"

timestamp = 2024-01-10T12:25:33.185774, generated = 
  arg0: "bmpcepw"

timestamp = 2024-01-10T12:25:33.186434, generated = 
  arg0: "nrbcqcskrgjx"

timestamp = 2024-01-10T12:25:33.187114, generated = 
  arg0: "xnmenfzmn"

timestamp = 2024-01-10T12:25:33.188383, generated = 
  arg0: "ql"

timestamp = 2024-01-10T12:25:33.189379, generated = 
  arg0: ""

timestamp = 2024-01-10T12:25:33.190213, generated = 
  arg0: "kliaizamecwlrn"

timestamp = 2024-01-10T12:25:33.190960, generated = 
  arg0: "lsuzmrb"

timestamp = 2024-01-10T12:25:33.191629, generated = 
  arg0: "clutzhuxpr"

timestamp = 2024-01-10T12:25:33.192303, generated = 
  arg0: "vubb"

timestamp = 2024-01-10T12:25:33.193140, generated = 
  arg0: "cpzsoo"

timestamp = 2024-01-10T12:25:33.193749, generated = 
  arg0: "u"

timestamp = 2024-01-10T12:25:33.194377, generated = 
  arg0: "ntpamwxijq"

timestamp = 2024-01-10T12:25:33.195318, generated = 
  arg0: "qyeyziimtmr"

timestamp = 2024-01-10T12:25:33.195938, generated = 
  arg0: "zcabqkr"

timestamp = 2024-01-10T12:25:33.196732, generated = 
  arg0: "smv"

timestamp = 2024-01-10T12:25:33.197524, generated = 
  arg0: "cyhitcd"

timestamp = 2024-01-10T12:25:33.198485, generated = 
  arg0: "ax"

timestamp = 2024-01-10T12:25:33.199714, generated = 
  arg0: "h"

timestamp = 2024-01-10T12:25:33.200361, generated = 
  arg0: "hnhcsllwnprdten"

timestamp = 2024-01-10T12:25:33.200975, generated = 
  arg0: "kuhkezkvvrxjyrm"

timestamp = 2024-01-10T12:25:33.201532, generated = 
  arg0: "zlhyeujcmrecwvw"

timestamp = 2024-01-10T12:25:33.202263, generated = 
  arg0: ""

timestamp = 2024-01-10T12:25:33.202828, generated = 
  arg0: "xhglhxmlrw"

timestamp = 2024-01-10T12:25:33.203477, generated = 
  arg0: "ydv"

timestamp = 2024-01-10T12:25:33.204008, generated = 
  arg0: "d"

timestamp = 2024-01-10T12:25:33.204761, generated = 
  arg0: ""

timestamp = 2024-01-10T12:25:33.205389, generated = 
  arg0: "ajhugykhkxu"

timestamp = 2024-01-10T12:25:33.205994, generated = 
  arg0: "rzgsckuvwbd"

timestamp = 2024-01-10T12:25:33.206663, generated = 
  arg0: "ai"

timestamp = 2024-01-10T12:25:33.207308, generated = 
  arg0: "irjwzxbbock"

timestamp = 2024-01-10T12:25:33.207875, generated = 
  arg0: "hdgvaotcqeqofln"

timestamp = 2024-01-10T12:25:33.208529, generated = 
  arg0: "bihsxmgxllraq"

timestamp = 2024-01-10T12:25:33.209132, generated = 
  arg0: "gofttqkjyo"

timestamp = 2024-01-10T12:25:33.210022, generated = 
  arg0: "t"

timestamp = 2024-01-10T12:25:33.210998, generated = 
  arg0: "rfulslnstilamw"

timestamp = 2024-01-10T12:25:33.211790, generated = 
  arg0: "juujixw"

timestamp = 2024-01-10T12:25:33.212560, generated = 
  arg0: "lcac"

timestamp = 2024-01-10T12:25:33.213242, generated = 
  arg0: "slknamvj"

timestamp = 2024-01-10T12:25:33.213954, generated = 
  arg0: "nzyhzoftowzu"

timestamp = 2024-01-10T12:25:33.214478, generated = 
  arg0: "afef"

timestamp = 2024-01-10T12:25:33.215274, generated = 
  arg0: "pjifaf"

timestamp = 2024-01-10T12:25:33.215821, generated = 
  arg0: "lfcamyxmucit"

timestamp = 2024-01-10T12:25:33.217087, generated = 
  arg0: "kdnqbjhaj"

timestamp = 2024-01-10T12:25:33.217958, generated = 
  arg0: "qafhw"

timestamp = 2024-01-10T12:25:33.218757, generated = 
  arg0: "hq"

timestamp = 2024-01-10T12:25:33.219821, generated = 
  arg0: "jmuyscvrtqfrz"

timestamp = 2024-01-10T12:25:33.220570, generated = 
  arg0: "vwcjydhye"

timestamp = 2024-01-10T12:25:33.221217, generated = 
  arg0: "z"

timestamp = 2024-01-10T12:25:33.222136, generated = 
  arg0: "ikdnkwuunjqk"

timestamp = 2024-01-10T12:25:33.222834, generated = 
  arg0: ""

timestamp = 2024-01-10T12:25:33.223541, generated = 
  arg0: "vfufboqv"

timestamp = 2024-01-10T12:25:33.224522, generated = 
  arg0: "zivdt"

timestamp = 2024-01-10T12:25:33.225302, generated = 
  arg0: "xqpjzvicdt"

timestamp = 2024-01-10T12:25:33.226169, generated = 
  arg0: "ljqdahem"

timestamp = 2024-01-10T12:25:33.227091, generated = 
  arg0: "xtxwytxmvrqeio"

timestamp = 2024-01-10T12:25:33.227659, generated = 
  arg0: "uxisssftuqtbvhy"

timestamp = 2024-01-10T12:25:33.228769, generated = 
  arg0: "g"

timestamp = 2024-01-10T12:25:33.229577, generated = 
  arg0: ""

timestamp = 2024-01-10T12:25:33.230229, generated = 
  arg0: "yyjtw"

timestamp = 2024-01-10T12:25:33.231047, generated = 
  arg0: "ftmjyz"

timestamp = 2024-01-10T12:25:33.231567, generated = 
  arg0: "z"

timestamp = 2024-01-10T12:25:33.232117, generated = 
  arg0: "a"

timestamp = 2024-01-10T12:25:33.232959, generated = 
  arg0: ""

timestamp = 2024-01-10T12:25:33.233457, generated = 
  arg0: "zk"

timestamp = 2024-01-10T12:25:33.234172, generated = 
  arg0: ""

timestamp = 2024-01-10T12:25:33.234702, generated = 
  arg0: ""

timestamp = 2024-01-10T12:25:33.235507, generated = 
  arg0: "vixm"

timestamp = 2024-01-10T12:25:33.236242, generated = 
  arg0: "ibcqlo"

timestamp = 2024-01-10T12:25:33.236850, generated = 
  arg0: "x"

timestamp = 2024-01-10T12:25:33.237566, generated = 
  arg0: "aqdsjjv"

timestamp = 2024-01-10T12:25:33.238383, generated = 
  arg0: "cvbwnt"

timestamp = 2024-01-10T12:25:33.239356, generated = 
  arg0: "crnftcth"

timestamp = 2024-01-10T12:25:33.240899, generated = 
  arg0: "v"

timestamp = 2024-01-10T12:25:33.241659, generated = 
  arg0: ""

timestamp = 2024-01-10T12:25:33.242359, generated = 
  arg0: "jbfpy"

timestamp = 2024-01-10T12:25:33.243068, generated = 
  arg0: "nfbuvmraenivlf"

timestamp = 2024-01-10T12:25:33.243901, generated = 
  arg0: "pspksvuwonvirbj"

timestamp = 2024-01-10T12:25:33.244717, generated = 
  arg0: "a"

timestamp = 2024-01-10T12:25:33.245543, generated = 
  arg0: "wigaet"

timestamp = 2024-01-10T12:25:33.246303, generated = 
  arg0: "ltijojtnzjwclx"

timestamp = 2024-01-10T12:25:33.247179, generated = 
  arg0: "vt"

timestamp = 2024-01-10T12:25:33.247924, generated = 
  arg0: "yvkjms"

timestamp = 2024-01-10T12:25:33.248601, generated = 
  arg0: "uhzi"

timestamp = 2024-01-10T12:25:33.249264, generated = 
  arg0: "clcl"

timestamp = 2024-01-10T12:25:33.250056, generated = 
  arg0: "mvnjvajrg"

timestamp = 2024-01-10T12:25:33.250786, generated = 
  arg0: "nwwmnq"

timestamp = 2024-01-10T12:25:33.251631, generated = 
  arg0: "zzh"

timestamp = 2024-01-10T12:25:33.252273, generated = 
  arg0: "pyaafpfygohbmev"

timestamp = 2024-01-10T12:25:33.253109, generated = 
  arg0: ""

timestamp = 2024-01-10T12:25:33.253756, generated = 
  arg0: "jzimobfwndczxm"

timestamp = 2024-01-10T12:25:33.254452, generated = 
  arg0: "dh"

timestamp = 2024-01-10T12:25:33.255267, generated = 
  arg0: "bctgqjdlzgwer"

timestamp = 2024-01-10T12:25:33.256105, generated = 
  arg0: ""

timestamp = 2024-01-10T12:25:33.256992, generated = 
  arg0: "yvnpsrjnu"

timestamp = 2024-01-10T12:25:33.258344, generated = 
  arg0: "jhrhq"

timestamp = 2024-01-10T12:25:33.258874, generated = 
  arg0: "szwmpchzeqqtzj"

timestamp = 2024-01-10T12:25:33.259626, generated = 
  arg0: "idydjgjdzmv"

timestamp = 2024-01-10T12:25:33.260280, generated = 
  arg0: "lwrgatrsyzpw"

timestamp = 2024-01-10T12:25:33.260778, generated = 
  arg0: "uhdqitr"

timestamp = 2024-01-10T12:25:33.261263, generated = 
  arg0: "nadhwakr"

timestamp = 2024-01-10T12:25:33.261755, generated = 
  arg0: "xtppgstnfedvmi"

timestamp = 2024-01-10T12:25:33.262218, generated = 
  arg0: "ukvgsaqvuw"

timestamp = 2024-01-10T12:25:33.262732, generated = 
  arg0: "eqhzsm"

timestamp = 2024-01-10T12:25:33.263481, generated = 
  arg0: "tasfjuzskiezi"

timestamp = 2024-01-10T12:25:33.264217, generated = 
  arg0: "z"

timestamp = 2024-01-10T12:25:33.265018, generated = 
  arg0: "nj"

timestamp = 2024-01-10T12:25:33.265676, generated = 
  arg0: "yrwaea"

timestamp = 2024-01-10T12:25:33.266383, generated = 
  arg0: "xfh"

timestamp = 2024-01-10T12:25:33.267036, generated = 
  arg0: "iki"

timestamp = 2024-01-10T12:25:33.267765, generated = 
  arg0: "nq"

timestamp = 2024-01-10T12:25:33.268303, generated = 
  arg0: "fijfwhgp"

timestamp = 2024-01-10T12:25:33.269874, generated = 
  arg0: "sqsjlsh"

timestamp = 2024-01-10T12:25:33.270693, generated = 
  arg0: "uel"

timestamp = 2024-01-10T12:25:33.271431, generated = 
  arg0: "zjmp"

timestamp = 2024-01-10T12:25:33.271949, generated = 
  arg0: ""

timestamp = 2024-01-10T12:25:33.272723, generated = 
  arg0: "bgjeapc"

timestamp = 2024-01-10T12:25:33.273367, generated = 
  arg0: "aj"

timestamp = 2024-01-10T12:25:33.274125, generated = 
  arg0: "rtobwmbpz"

timestamp = 2024-01-10T12:25:33.275084, generated = 
  arg0: "bc"

timestamp = 2024-01-10T12:25:33.275852, generated = 
  arg0: "xggdxpsajjdohrm"

timestamp = 2024-01-10T12:25:33.276593, generated = 
  arg0: "mcxsvczfxcujlfz"

timestamp = 2024-01-10T12:25:33.277361, generated = 
  arg0: "yvxk"

timestamp = 2024-01-10T12:25:33.278087, generated = 
  arg0: "ychx"

timestamp = 2024-01-10T12:25:33.278875, generated = 
  arg0: "dnybdospxjphf"

timestamp = 2024-01-10T12:25:33.279572, generated = 
  arg0: "brlp"

timestamp = 2024-01-10T12:25:33.280510, generated = 
  arg0: "y"

timestamp = 2024-01-10T12:25:33.281326, generated = 
  arg0: "trviqjd"

timestamp = 2024-01-10T12:25:33.281908, generated = 
  arg0: "a"

timestamp = 2024-01-10T12:25:33.282518, generated = 
  arg0: "bgm"

timestamp = 2024-01-10T12:25:33.283324, generated = 
  arg0: "kzleyoussfuv"

timestamp = 2024-01-10T12:25:33.283976, generated = 
  arg0: "kdulsyj"

timestamp = 2024-01-10T12:25:33.284555, generated = 
  arg0: "fywzvaryntzyetw"

timestamp = 2024-01-10T12:25:33.285226, generated = 
  arg0: "qpnnrnvtoad"

timestamp = 2024-01-10T12:25:33.286274, generated = 
  arg0: "bixiepd"

timestamp = 2024-01-10T12:25:33.286944, generated = 
  arg0: "koza"

timestamp = 2024-01-10T12:25:33.287681, generated = 
  arg0: "z"

timestamp = 2024-01-10T12:25:33.288420, generated = 
  arg0: "uqehyypxefvfpnz"

timestamp = 2024-01-10T12:25:33.289192, generated = 
  arg0: "z"

timestamp = 2024-01-10T12:25:33.289796, generated = 
  arg0: "hlepong"

timestamp = 2024-01-10T12:25:33.290606, generated = 
  arg0: "nfmycnio"

timestamp = 2024-01-10T12:25:33.291300, generated = 
  arg0: "sqlsqsmz"

timestamp = 2024-01-10T12:25:33.292250, generated = 
  arg0: ""

timestamp = 2024-01-10T12:25:33.293144, generated = 
  arg0: ""

timestamp = 2024-01-10T12:25:33.293826, generated = 
  arg0: "rsdx"

timestamp = 2024-01-10T12:25:33.294492, generated = 
  arg0: "hgmnqjlv"

timestamp = 2024-01-10T12:25:33.295105, generated = 
  arg0: "f"

timestamp = 2024-01-10T12:25:33.295908, generated = 
  arg0: "xcygaqfeer"

timestamp = 2024-01-10T12:25:33.296819, generated = 
  arg0: "gkvpfhyjyduo"

timestamp = 2024-01-10T12:25:33.297395, generated = 
  arg0: ""

timestamp = 2024-01-10T12:25:33.298616, generated = 
  arg0: "pxlxmlxlz"

timestamp = 2024-01-10T12:25:33.299334, generated = 
  arg0: "z"

timestamp = 2024-01-10T12:25:33.300056, generated = 
  arg0: "abv"

timestamp = 2024-01-10T12:25:33.300855, generated = 
  arg0: "ggyncbdf"

timestamp = 2024-01-10T12:25:33.301539, generated = 
  arg0: "vh"

timestamp = 2024-01-10T12:25:33.302197, generated = 
  arg0: "yqdzbvxvge"

timestamp = 2024-01-10T12:25:33.302886, generated = 
  arg0: "lrhrjnxvhrig"

timestamp = 2024-01-10T12:25:33.303577, generated = 
  arg0: "fg"

timestamp = 2024-01-10T12:25:33.304417, generated = 
  arg0: "ansndaexgzs"

timestamp = 2024-01-10T12:25:33.304984, generated = 
  arg0: "phyqkypruuw"

timestamp = 2024-01-10T12:25:33.305582, generated = 
  arg0: "lxkzbkvzzittfz"

timestamp = 2024-01-10T12:25:33.306182, generated = 
  arg0: ""

timestamp = 2024-01-10T12:25:33.306735, generated = 
  arg0: "owd"

timestamp = 2024-01-10T12:25:33.307442, generated = 
  arg0: "xlzlp"

timestamp = 2024-01-10T12:25:33.308140, generated = 
  arg0: ""

timestamp = 2024-01-10T12:25:33.308774, generated = 
  arg0: "ifadx"

timestamp = 2024-01-10T12:25:33.310037, generated = 
  arg0: "vtbdctlmpuars"

timestamp = 2024-01-10T12:25:33.310995, generated = 
  arg0: "xhnkbrsxb"

timestamp = 2024-01-10T12:25:33.311940, generated = 
  arg0: "qaijcxlvipjzbkr"

timestamp = 2024-01-10T12:25:33.312741, generated = 
  arg0: "xohwil"

timestamp = 2024-01-10T12:25:33.313452, generated = 
  arg0: "bcdnr"

timestamp = 2024-01-10T12:25:33.314120, generated = 
  arg0: "teotyplzhpok"

timestamp = 2024-01-10T12:25:33.315311, generated = 
  arg0: "fzv"

timestamp = 2024-01-10T12:25:33.315973, generated = 
  arg0: "rxkgyvtmef"

timestamp = 2024-01-10T12:25:33.316762, generated = 
  arg0: "dvjcqaamlxxfd"

timestamp = 2024-01-10T12:25:33.317456, generated = 
  arg0: "odfjhrbmgp"

timestamp = 2024-01-10T12:25:33.318261, generated = 
  arg0: "pujqfhnfrl"

timestamp = 2024-01-10T12:25:33.318840, generated = 
  arg0: "o"

timestamp = 2024-01-10T12:25:33.319599, generated = 
  arg0: "khyildz"

timestamp = 2024-01-10T12:25:33.320581, generated = 
  arg0: "gwp"

timestamp = 2024-01-10T12:25:33.321352, generated = 
  arg0: "tqgigeehogxiou"

timestamp = 2024-01-10T12:25:33.322231, generated = 
  arg0: "l"

timestamp = 2024-01-10T12:25:33.322860, generated = 
  arg0: "y"

timestamp = 2024-01-10T12:25:33.323441, generated = 
  arg0: "thh"

timestamp = 2024-01-10T12:25:33.324141, generated = 
  arg0: "bgdpud"

timestamp = 2024-01-10T12:25:33.324862, generated = 
  arg0: "fohxo"

timestamp = 2024-01-10T12:25:33.325693, generated = 
  arg0: "snlpyyccddufa"

timestamp = 2024-01-10T12:25:33.326212, generated = 
  arg0: "dbh"

timestamp = 2024-01-10T12:25:33.327072, generated = 
  arg0: "raurwv"

timestamp = 2024-01-10T12:25:33.327836, generated = 
  arg0: "cqavn"

timestamp = 2024-01-10T12:25:33.328556, generated = 
  arg0: "pwwsrvq"

timestamp = 2024-01-10T12:25:33.329222, generated = 
  arg0: "fjesqmuhcdml"

timestamp = 2024-01-10T12:25:33.329975, generated = 
  arg0: "aw"

timestamp = 2024-01-10T12:25:33.330564, generated = 
  arg0: "x"

timestamp = 2024-01-10T12:25:33.331225, generated = 
  arg0: "k"

timestamp = 2024-01-10T12:25:33.331976, generated = 
  arg0: "ntgcubcimhav"

timestamp = 2024-01-10T12:25:33.333277, generated = 
  arg0: "jdfqws"

timestamp = 2024-01-10T12:25:33.334451, generated = 
  arg0: "neakxrxluy"

timestamp = 2024-01-10T12:25:33.335114, generated = 
  arg0: "jylmcqxlfsgcf"

timestamp = 2024-01-10T12:25:33.335529, generated = 
  arg0: "a"

timestamp = 2024-01-10T12:25:33.336132, generated = 
  arg0: "vbclanitrexdou"

timestamp = 2024-01-10T12:25:33.336695, generated = 
  arg0: "nzvxjide"

timestamp = 2024-01-10T12:25:33.337229, generated = 
  arg0: "cqwj"

timestamp = 2024-01-10T12:25:33.337817, generated = 
  arg0: "u"

timestamp = 2024-01-10T12:25:33.338723, generated = 
  arg0: ""

timestamp = 2024-01-10T12:25:33.339278, generated = 
  arg0: "fbskqsmsvpn"

timestamp = 2024-01-10T12:25:33.340161, generated = 
  arg0: "eaqilcfdkpiqax"

timestamp = 2024-01-10T12:25:33.340906, generated = 
  arg0: "ggoabhejknc"

timestamp = 2024-01-10T12:25:33.341557, generated = 
  arg0: ""

timestamp = 2024-01-10T12:25:33.342218, generated = 
  arg0: "wvp"

timestamp = 2024-01-10T12:25:33.343048, generated = 
  arg0: "fcgqvluatrspvr"

timestamp = 2024-01-10T12:25:33.343756, generated = 
  arg0: "zlyy"

timestamp = 2024-01-10T12:25:33.344559, generated = 
  arg0: "rsevfz"

timestamp = 2024-01-10T12:25:33.345181, generated = 
  arg0: "s"

timestamp = 2024-01-10T12:25:33.345945, generated = 
  arg0: "n"

timestamp = 2024-01-10T12:25:33.346494, generated = 
  arg0: "bzzoeuzdtamiivb"

timestamp = 2024-01-10T12:25:33.347178, generated = 
  arg0: ""

timestamp = 2024-01-10T12:25:33.347963, generated = 
  arg0: "tdgkopbhsihxeb"

timestamp = 2024-01-10T12:25:33.348565, generated = 
  arg0: "tjlhfbvyt"

timestamp = 2024-01-10T12:25:33.349211, generated = 
  arg0: "zekoyfletdjfm"

timestamp = 2024-01-10T12:25:33.350476, generated = 
  arg0: "fawddq"

timestamp = 2024-01-10T12:25:33.351247, generated = 
  arg0: ""

timestamp = 2024-01-10T12:25:33.352160, generated = 
  arg0: "ufzuqlen"

timestamp = 2024-01-10T12:25:33.352883, generated = 
  arg0: "apdxxzuy"

timestamp = 2024-01-10T12:25:33.353409, generated = 
  arg0: "uctincf"

timestamp = 2024-01-10T12:25:33.353994, generated = 
  arg0: ""

timestamp = 2024-01-10T12:25:33.354555, generated = 
  arg0: "mndnuox"

timestamp = 2024-01-10T12:25:33.355386, generated = 
  arg0: "javurboyuapjony"

timestamp = 2024-01-10T12:25:33.356097, generated = 
  arg0: "lpb"

timestamp = 2024-01-10T12:25:33.356880, generated = 
  arg0: "ytvnwxccssllm"

timestamp = 2024-01-10T12:25:33.357573, generated = 
  arg0: "oggjlex"

timestamp = 2024-01-10T12:25:33.358192, generated = 
  arg0: "pbfve"

timestamp = 2024-01-10T12:25:33.358952, generated = 
  arg0: "xtmmoopttzygdej"

timestamp = 2024-01-10T12:25:33.359617, generated = 
  arg0: "y"

timestamp = 2024-01-10T12:25:33.360244, generated = 
  arg0: ""

timestamp = 2024-01-10T12:25:33.360934, generated = 
  arg0: "mgtiwlkkoq"

timestamp = 2024-01-10T12:25:33.361631, generated = 
  arg0: "yxvn"

timestamp = 2024-01-10T12:25:33.362345, generated = 
  arg0: "ledikoynk"

timestamp = 2024-01-10T12:25:33.362953, generated = 
  arg0: "a"

timestamp = 2024-01-10T12:25:33.363564, generated = 
  arg0: "mgqn"

timestamp = 2024-01-10T12:25:33.364242, generated = 
  arg0: ""

timestamp = 2024-01-10T12:25:33.364859, generated = 
  arg0: "xevqper"

timestamp = 2024-01-10T12:25:33.365451, generated = 
  arg0: "w"

timestamp = 2024-01-10T12:25:33.366252, generated = 
  arg0: "qfjmwg"

timestamp = 2024-01-10T12:25:33.366936, generated = 
  arg0: "lc"

timestamp = 2024-01-10T12:25:33.368102, generated = 
  arg0: "lmutv"

timestamp = 2024-01-10T12:25:33.368937, generated = 
  arg0: "gkrsdgwhovv"

timestamp = 2024-01-10T12:25:33.369578, generated = 
  arg0: "v"

timestamp = 2024-01-10T12:25:33.370304, generated = 
  arg0: "eynapohqrhidsl"

timestamp = 2024-01-10T12:25:33.370755, generated = 
  arg0: "vztuedexzbavnic"

timestamp = 2024-01-10T12:25:33.371485, generated = 
  arg0: "tts"

timestamp = 2024-01-10T12:25:33.371938, generated = 
  arg0: "a"

timestamp = 2024-01-10T12:25:33.372591, generated = 
  arg0: "ugsrdzdegsrpy"

timestamp = 2024-01-10T12:25:33.373279, generated = 
  arg0: "vle"

timestamp = 2024-01-10T12:25:33.373999, generated = 
  arg0: "sumtkqlivfgq"

timestamp = 2024-01-10T12:25:33.374593, generated = 
  arg0: "ani"

timestamp = 2024-01-10T12:25:33.375185, generated = 
  arg0: "fvpedcnsflrwm"

timestamp = 2024-01-10T12:25:33.375901, generated = 
  arg0: "hnmrazmnyzkpiu"

timestamp = 2024-01-10T12:25:33.376516, generated = 
  arg0: "rigwkeuh"

timestamp = 2024-01-10T12:25:33.377034, generated = 
  arg0: "euaumnsxoggf"

timestamp = 2024-01-10T12:25:33.377547, generated = 
  arg0: "ajnk"

timestamp = 2024-01-10T12:25:33.378113, generated = 
  arg0: "uidbcx"

timestamp = 2024-01-10T12:25:33.378660, generated = 
  arg0: "oe"

timestamp = 2024-01-10T12:25:33.379570, generated = 
  arg0: "tylo"

timestamp = 2024-01-10T12:25:33.380232, generated = 
  arg0: "veq"

timestamp = 2024-01-10T12:25:33.380962, generated = 
  arg0: "reki"

timestamp = 2024-01-10T12:25:33.381588, generated = 
  arg0: "puorbrw"

timestamp = 2024-01-10T12:25:33.382029, generated = 
  arg0: "hqtoeile"

timestamp = 2024-01-10T12:25:33.382812, generated = 
  arg0: "zvfipkpo"

timestamp = 2024-01-10T12:25:33.383232, generated = 
  arg0: ""

timestamp = 2024-01-10T12:25:33.383852, generated = 
  arg0: "v"

timestamp = 2024-01-10T12:25:33.384377, generated = 
  arg0: "nsnhyrrah"

timestamp = 2024-01-10T12:25:33.385011, generated = 
  arg0: "rhqiiecmuppopd"

timestamp = 2024-01-10T12:25:33.385602, generated = 
  arg0: "fswva"

timestamp = 2024-01-10T12:25:33.386086, generated = 
  arg0: "pvw"

timestamp = 2024-01-10T12:25:33.386609, generated = 
  arg0: "uuxolbjefl"

timestamp = 2024-01-10T12:25:33.387085, generated = 
  arg0: "ycqbjrrwrstthq"

timestamp = 2024-01-10T12:25:33.387614, generated = 
  arg0: "qtcsxzeuml"

timestamp = 2024-01-10T12:25:33.388088, generated = 
  arg0: "a"

timestamp = 2024-01-10T12:25:33.388661, generated = 
  arg0: "y"

timestamp = 2024-01-10T12:25:33.389372, generated = 
  arg0: "cliqieqduxci"

timestamp = 2024-01-10T12:25:33.389999, generated = 
  arg0: "yr"

timestamp = 2024-01-10T12:25:33.391009, generated = 
  arg0: "ww"

timestamp = 2024-01-10T12:25:33.391537, generated = 
  arg0: "njd"

timestamp = 2024-01-10T12:25:33.392288, generated = 
  arg0: "guvfrhjomp"

timestamp = 2024-01-10T12:25:33.392736, generated = 
  arg0: "krosmeleccbb"

timestamp = 2024-01-10T12:25:33.393249, generated = 
  arg0: "xtn"

timestamp = 2024-01-10T12:25:33.393682, generated = 
  arg0: "dtvrx"

timestamp = 2024-01-10T12:25:33.394107, generated = 
  arg0: "wdaklgsgjcqx"

timestamp = 2024-01-10T12:25:33.394594, generated = 
  arg0: "hjurqv"

timestamp = 2024-01-10T12:25:33.394985, generated = 
  arg0: "f"

timestamp = 2024-01-10T12:25:33.395438, generated = 
  arg0: "pwcyri"

timestamp = 2024-01-10T12:25:33.395917, generated = 
  arg0: "ndp"

timestamp = 2024-01-10T12:25:33.397110, generated = 
  arg0: "pjrzkkouxl"

timestamp = 2024-01-10T12:25:33.398093, generated = 
  arg0: "rwn"

timestamp = 2024-01-10T12:25:33.398730, generated = 
  arg0: "bqvv"

timestamp = 2024-01-10T12:25:33.399419, generated = 
  arg0: "mxuziyb"

timestamp = 2024-01-10T12:25:33.400179, generated = 
  arg0: "zaiqlklixkjylmt"

timestamp = 2024-01-10T12:25:33.400701, generated = 
  arg0: "bszmnirpbh"

timestamp = 2024-01-10T12:25:33.401129, generated = 
  arg0: "bt"

timestamp = 2024-01-10T12:25:33.401639, generated = 
  arg0: "u"

timestamp = 2024-01-10T12:25:33.402118, generated = 
  arg0: "eiqylfhaekwvnov"

timestamp = 2024-01-10T12:25:33.402684, generated = 
  arg0: "cwkjgpc"

timestamp = 2024-01-10T12:25:33.403090, generated = 
  arg0: "uxkyziv"

timestamp = 2024-01-10T12:25:33.403521, generated = 
  arg0: "hlvnkub"

timestamp = 2024-01-10T12:25:33.404075, generated = 
  arg0: "wgtzpeoblttwuco"

timestamp = 2024-01-10T12:25:33.404475, generated = 
  arg0: "wfrtgc"

timestamp = 2024-01-10T12:25:33.405144, generated = 
  arg0: "omryjng"

timestamp = 2024-01-10T12:25:33.405623, generated = 
  arg0: "oebhoicl"

timestamp = 2024-01-10T12:25:33.406136, generated = 
  arg0: ""

timestamp = 2024-01-10T12:25:33.406685, generated = 
  arg0: "euplbdgpdyi"

timestamp = 2024-01-10T12:25:33.407318, generated = 
  arg0: "trmhjgvcxsul"

timestamp = 2024-01-10T12:25:33.407904, generated = 
  arg0: "lptbza"

timestamp = 2024-01-10T12:25:33.408890, generated = 
  arg0: "pmtvc"

timestamp = 2024-01-10T12:25:33.409368, generated = 
  arg0: "gxvnlstao"

timestamp = 2024-01-10T12:25:33.409894, generated = 
  arg0: ""

timestamp = 2024-01-10T12:25:33.410360, generated = 
  arg0: "qly"

timestamp = 2024-01-10T12:25:33.410885, generated = 
  arg0: "aczdomipdbvrvp"

timestamp = 2024-01-10T12:25:33.411515, generated = 
  arg0: "lbnf"

timestamp = 2024-01-10T12:25:33.412128, generated = 
  arg0: "qnwuctahoc"

timestamp = 2024-01-10T12:25:33.412646, generated = 
  arg0: "b"

timestamp = 2024-01-10T12:25:33.413279, generated = 
  arg0: "b"

timestamp = 2024-01-10T12:25:33.413902, generated = 
  arg0: "wrkydak"

timestamp = 2024-01-10T12:25:33.414647, generated = 
  arg0: "zfk"

timestamp = 2024-01-10T12:25:33.415252, generated = 
  arg0: "nszfc"

timestamp = 2024-01-10T12:25:33.415962, generated = 
  arg0: "lhfbghhtpg"

timestamp = 2024-01-10T12:25:33.416435, generated = 
  arg0: "wqfnkvtiekgqy"

timestamp = 2024-01-10T12:25:33.416985, generated = 
  arg0: "fxrplv"

timestamp = 2024-01-10T12:25:33.417500, generated = 
  arg0: "gazywr"

timestamp = 2024-01-10T12:25:33.418071, generated = 
  arg0: "xzizc"

timestamp = 2024-01-10T12:25:33.418695, generated = 
  arg0: "umnigz"

timestamp = 2024-01-10T12:25:33.419266, generated = 
  arg0: "uqxkysgetb"

timestamp = 2024-01-10T12:25:33.420392, generated = 
  arg0: "ytbhh"

timestamp = 2024-01-10T12:25:33.421121, generated = 
  arg0: "cldvyqjfa"

timestamp = 2024-01-10T12:25:33.421745, generated = 
  arg0: "dgjqrnysuzkbc"

timestamp = 2024-01-10T12:25:33.422380, generated = 
  arg0: "ujnxvhfgelln"

timestamp = 2024-01-10T12:25:33.422942, generated = 
  arg0: "afwjojpv"

timestamp = 2024-01-10T12:25:33.423639, generated = 
  arg0: "mgyqjapxwyawuk"

timestamp = 2024-01-10T12:25:33.424398, generated = 
  arg0: "qehmgyb"

timestamp = 2024-01-10T12:25:33.424901, generated = 
  arg0: "rqgesodnlc"

timestamp = 2024-01-10T12:25:33.425460, generated = 
  arg0: "erxrbobs"

timestamp = 2024-01-10T12:25:33.425977, generated = 
  arg0: "zrfly"

timestamp = 2024-01-10T12:25:33.426523, generated = 
  arg0: "asstwvcd"

timestamp = 2024-01-10T12:25:33.427183, generated = 
  arg0: "lwd"

timestamp = 2024-01-10T12:25:33.427651, generated = 
  arg0: ""

timestamp = 2024-01-10T12:25:33.428048, generated = 
  arg0: ""

timestamp = 2024-01-10T12:25:33.428600, generated = 
  arg0: "rrweaujtogvgpfx"

timestamp = 2024-01-10T12:25:33.429175, generated = 
  arg0: "twid"

timestamp = 2024-01-10T12:25:33.429885, generated = 
  arg0: "bczddkjhtckq"

timestamp = 2024-01-10T12:25:33.430433, generated = 
  arg0: ""

timestamp = 2024-01-10T12:25:33.431076, generated = 
  arg0: "md"

timestamp = 2024-01-10T12:25:33.431848, generated = 
  arg0: "pxhlviecgz"

timestamp = 2024-01-10T12:25:33.432358, generated = 
  arg0: "ctzvx"

timestamp = 2024-01-10T12:25:33.432826, generated = 
  arg0: "ozbifjkgsyn"

timestamp = 2024-01-10T12:25:33.433219, generated = 
  arg0: "ooqooysf"

timestamp = 2024-01-10T12:25:33.433650, generated = 
  arg0: "ouv"

timestamp = 2024-01-10T12:25:33.434120, generated = 
  arg0: "zoteemnxpbvhxuf"

timestamp = 2024-01-10T12:25:33.434499, generated = 
  arg0: "qerdzkzgnpbe"

timestamp = 2024-01-10T12:25:33.435023, generated = 
  arg0: "bai"

timestamp = 2024-01-10T12:25:33.435500, generated = 
  arg0: "a"

timestamp = 2024-01-10T12:25:33.435982, generated = 
  arg0: "pvvbxcwflqfyck"

timestamp = 2024-01-10T12:25:33.436377, generated = 
  arg0: "ukiw"

timestamp = 2024-01-10T12:25:33.436899, generated = 
  arg0: "oowxampszbfgz"

timestamp = 2024-01-10T12:25:33.437988, generated = 
  arg0: "klrzhh"

timestamp = 2024-01-10T12:25:33.438610, generated = 
  arg0: "csborvt"

timestamp = 2024-01-10T12:25:33.439278, generated = 
  arg0: "qukwpx"

timestamp = 2024-01-10T12:25:33.440053, generated = 
  arg0: "ipit"

timestamp = 2024-01-10T12:25:33.440628, generated = 
  arg0: "mzuqsjludgdd"

timestamp = 2024-01-10T12:25:33.441227, generated = 
  arg0: "cmkxyc"

timestamp = 2024-01-10T12:25:33.441736, generated = 
  arg0: "drtytkbiqhiljqy"

timestamp = 2024-01-10T12:25:33.442326, generated = 
  arg0: "zaajdgevdho"

timestamp = 2024-01-10T12:25:33.442949, generated = 
  arg0: "vn"

timestamp = 2024-01-10T12:25:33.443448, generated = 
  arg0: "asixxkj"

timestamp = 2024-01-10T12:25:33.443986, generated = 
  arg0: "ernyfc"

timestamp = 2024-01-10T12:25:33.444402, generated = 
  arg0: "qeyji"

timestamp = 2024-01-10T12:25:33.444858, generated = 
  arg0: "taqih"

timestamp = 2024-01-10T12:25:33.445241, generated = 
  arg0: "a"

timestamp = 2024-01-10T12:25:33.445661, generated = 
  arg0: "vlyzvc"

timestamp = 2024-01-10T12:25:33.446116, generated = 
  arg0: "nnlqmswmlowqlop"

timestamp = 2024-01-10T12:25:33.446584, generated = 
  arg0: "oxkoro"

timestamp = 2024-01-10T12:25:33.447220, generated = 
  arg0: "gryowywaucmuq"

timestamp = 2024-01-10T12:25:33.447866, generated = 
  arg0: "agtqytncirey"

timestamp = 2024-01-10T12:25:33.448364, generated = 
  arg0: "rikkfhoqxfpgfpi"

timestamp = 2024-01-10T12:25:33.449319, generated = 
  arg0: "cplyi"

timestamp = 2024-01-10T12:25:33.450060, generated = 
  arg0: "dif"

timestamp = 2024-01-10T12:25:33.450569, generated = 
  arg0: ""

timestamp = 2024-01-10T12:25:33.451158, generated = 
  arg0: "xmxkpvwespqjyfq"

timestamp = 2024-01-10T12:25:33.451748, generated = 
  arg0: "uykhopcw"

timestamp = 2024-01-10T12:25:33.452174, generated = 
  arg0: "p"

timestamp = 2024-01-10T12:25:33.452803, generated = 
  arg0: "ypmcxlywsaawg"

timestamp = 2024-01-10T12:25:33.453275, generated = 
  arg0: "twcdqeso"

timestamp = 2024-01-10T12:25:33.453812, generated = 
  arg0: "hxmpaubhfnrvdy"

timestamp = 2024-01-10T12:25:33.454215, generated = 
  arg0: "foouwrasxby"

timestamp = 2024-01-10T12:25:33.454739, generated = 
  arg0: "ulf"

timestamp = 2024-01-10T12:25:33.455210, generated = 
  arg0: "kdjmhvces"

timestamp = 2024-01-10T12:25:33.455610, generated = 
  arg0: "txxecpxhzul"

timestamp = 2024-01-10T12:25:33.456003, generated = 
  arg0: "hnuirxkwlxcrgs"

timestamp = 2024-01-10T12:25:33.456509, generated = 
  arg0: "j"

timestamp = 2024-01-10T12:25:33.457049, generated = 
  arg0: "acswdtnokgxzv"

timestamp = 2024-01-10T12:25:33.457498, generated = 
  arg0: "l"

timestamp = 2024-01-10T12:25:33.458175, generated = 
  arg0: "ohvshmzacpxez"

timestamp = 2024-01-10T12:25:33.458753, generated = 
  arg0: "gmqe"

timestamp = 2024-01-10T12:25:33.459308, generated = 
  arg0: "hpnhgdbgvmv"

timestamp = 2024-01-10T12:25:33.459924, generated = 
  arg0: "vxp"

timestamp = 2024-01-10T12:25:33.460723, generated = 
  arg0: "ivw"

timestamp = 2024-01-10T12:25:33.461150, generated = 
  arg0: "el"

timestamp = 2024-01-10T12:25:33.461643, generated = 
  arg0: "uemwaesdbkymev"

timestamp = 2024-01-10T12:25:33.462058, generated = 
  arg0: "npiuwkubdzokt"

timestamp = 2024-01-10T12:25:33.462481, generated = 
  arg0: "svlgzczugafg"

timestamp = 2024-01-10T12:25:33.462990, generated = 
  arg0: "kfjxucaz"

timestamp = 2024-01-10T12:25:33.463456, generated = 
  arg0: "yytojrtc"

timestamp = 2024-01-10T12:25:33.463906, generated = 
  arg0: ""

timestamp = 2024-01-10T12:25:33.464377, generated = 
  arg0: "nbqvti"

timestamp = 2024-01-10T12:25:33.464893, generated = 
  arg0: ""

timestamp = 2024-01-10T12:25:33.465293, generated = 
  arg0: "r"

timestamp = 2024-01-10T12:25:33.465666, generated = 
  arg0: ""

timestamp = 2024-01-10T12:25:33.466064, generated = 
  arg0: "x"

timestamp = 2024-01-10T12:25:33.466553, generated = 
  arg0: "kvzdtf"

timestamp = 2024-01-10T12:25:33.466989, generated = 
  arg0: "j"

timestamp = 2024-01-10T12:25:33.467479, generated = 
  arg0: "cwu"

timestamp = 2024-01-10T12:25:33.468196, generated = 
  arg0: "lqzftrfpvzvw"

timestamp = 2024-01-10T12:25:33.468916, generated = 
  arg0: "lzdlf"

timestamp = 2024-01-10T12:25:33.469576, generated = 
  arg0: "bguxqfqjruufz"

timestamp = 2024-01-10T12:25:33.470118, generated = 
  arg0: "wvankdrajjc"

timestamp = 2024-01-10T12:25:33.470645, generated = 
  arg0: "vpa"

timestamp = 2024-01-10T12:25:33.471183, generated = 
  arg0: "wegnw"

timestamp = 2024-01-10T12:25:33.471592, generated = 
  arg0: ""

timestamp = 2024-01-10T12:25:33.472767, generated = 
  arg0: "tgklxynit"

timestamp = 2024-01-10T12:25:33.473555, generated = 
  arg0: ""

timestamp = 2024-01-10T12:25:33.474287, generated = 
  arg0: "ldwjxk"

timestamp = 2024-01-10T12:25:33.474888, generated = 
  arg0: "ftosumvd"

timestamp = 2024-01-10T12:25:33.475391, generated = 
  arg0: "sx"

timestamp = 2024-01-10T12:25:33.475957, generated = 
  arg0: "xuasobguqaysnew"

timestamp = 2024-01-10T12:25:33.476460, generated = 
  arg0: "q"

timestamp = 2024-01-10T12:25:33.477011, generated = 
  arg0: "bvibnnbeozf"

timestamp = 2024-01-10T12:25:33.477720, generated = 
  arg0: "ywym"

timestamp = 2024-01-10T12:25:33.478459, generated = 
  arg0: "m"

timestamp = 2024-01-10T12:25:33.479143, generated = 
  arg0: "jkxvozwvx"

timestamp = 2024-01-10T12:25:33.479764, generated = 
  arg0: "a"

timestamp = 2024-01-10T12:25:33.480399, generated = 
  arg0: "ygqhrn"

timestamp = 2024-01-10T12:25:33.481160, generated = 
  arg0: "smvtvirydtkupms"

timestamp = 2024-01-10T12:25:33.481727, generated = 
  arg0: "oitrr"

timestamp = 2024-01-10T12:25:33.482206, generated = 
  arg0: ""

timestamp = 2024-01-10T12:25:33.482741, generated = 
  arg0: "ggozhboxuriyj"

timestamp = 2024-01-10T12:25:33.483283, generated = 
  arg0: "hhusm"

timestamp = 2024-01-10T12:25:33.483851, generated = 
  arg0: "h"

timestamp = 2024-01-10T12:25:33.484306, generated = 
  arg0: "pcmscmplxjup"

timestamp = 2024-01-10T12:25:33.484766, generated = 
  arg0: "xqkjom"

timestamp = 2024-01-10T12:25:33.485190, generated = 
  arg0: "rinbmq"

timestamp = 2024-01-10T12:25:33.485626, generated = 
  arg0: "qwpggvyhjvksxua"

timestamp = 2024-01-10T12:25:33.486089, generated = 
  arg0: "wtiafx"

timestamp = 2024-01-10T12:25:33.486520, generated = 
  arg0: "cljcckztc"

timestamp = 2024-01-10T12:25:33.486919, generated = 
  arg0: "whdwqlwlfq"

timestamp = 2024-01-10T12:25:33.487520, generated = 
  arg0: "ulnnnkak"

timestamp = 2024-01-10T12:25:33.488054, generated = 
  arg0: "hkhhpakgndd"

timestamp = 2024-01-10T12:25:33.488765, generated = 
  arg0: "capalao"

timestamp = 2024-01-10T12:25:33.490039, generated = 
  arg0: "wqfvgscahtcffr"

timestamp = 2024-01-10T12:25:33.490735, generated = 
  arg0: "eeyb"

timestamp = 2024-01-10T12:25:33.491476, generated = 
  arg0: "hi"

timestamp = 2024-01-10T12:25:33.492133, generated = 
  arg0: "gstmbqogtfcpfvx"

timestamp = 2024-01-10T12:25:33.492610, generated = 
  arg0: "tlrlokcda"

timestamp = 2024-01-10T12:25:33.493142, generated = 
  arg0: "atbfi"

timestamp = 2024-01-10T12:25:33.493650, generated = 
  arg0: "pgo"

timestamp = 2024-01-10T12:25:33.494180, generated = 
  arg0: ""

timestamp = 2024-01-10T12:25:33.494602, generated = 
  arg0: "lsqxnrfmhty"

timestamp = 2024-01-10T12:25:33.495209, generated = 
  arg0: "ivbmadnztv"

timestamp = 2024-01-10T12:25:33.495802, generated = 
  arg0: "osts"

timestamp = 2024-01-10T12:25:33.496334, generated = 
  arg0: "gtotwcxxzxgo"

timestamp = 2024-01-10T12:25:33.496831, generated = 
  arg0: "lo"

timestamp = 2024-01-10T12:25:33.497422, generated = 
  arg0: "wgslpzbwgdqhcld"

timestamp = 2024-01-10T12:25:33.497898, generated = 
  arg0: "rsfczkzs"

timestamp = 2024-01-10T12:25:33.498359, generated = 
  arg0: "upg"

timestamp = 2024-01-10T12:25:33.498700, generated = 
  arg0: "fe"

timestamp = 2024-01-10T12:25:33.499115, generated = 
  arg0: "rmj"

timestamp = 2024-01-10T12:25:33.499594, generated = 
  arg0: "out"

timestamp = 2024-01-10T12:25:33.500073, generated = 
  arg0: "qnobmmctrt"

timestamp = 2024-01-10T12:25:33.500516, generated = 
  arg0: "e"

timestamp = 2024-01-10T12:25:33.501029, generated = 
  arg0: "munpvgfev"

timestamp = 2024-01-10T12:25:33.501457, generated = 
  arg0: "urhgqflwqnv"

timestamp = 2024-01-10T12:25:33.501903, generated = 
  arg0: "xslyhqhegjv"

timestamp = 2024-01-10T12:25:33.502400, generated = 
  arg0: "rpvlojnswunfp"

timestamp = 2024-01-10T12:25:33.502920, generated = 
  arg0: "akixdlborquxp"

timestamp = 2024-01-10T12:25:33.503299, generated = 
  arg0: "z"

timestamp = 2024-01-10T12:25:33.503770, generated = 
  arg0: "k"

timestamp = 2024-01-10T12:25:33.504288, generated = 
  arg0: "dbm"

timestamp = 2024-01-10T12:25:33.504765, generated = 
  arg0: "gt"

timestamp = 2024-01-10T12:25:33.505437, generated = 
  arg0: "uvbuceojarhnv"

timestamp = 2024-01-10T12:25:33.505961, generated = 
  arg0: "t"

timestamp = 2024-01-10T12:25:33.506712, generated = 
  arg0: "muedw"

timestamp = 2024-01-10T12:25:33.507663, generated = 
  arg0: "feocxueeyqnemeh"

timestamp = 2024-01-10T12:25:33.508347, generated = 
  arg0: "kgog"

timestamp = 2024-01-10T12:25:33.508958, generated = 
  arg0: "xfaluxqnick"

timestamp = 2024-01-10T12:25:33.509527, generated = 
  arg0: "nbwnd"

timestamp = 2024-01-10T12:25:33.510085, generated = 
  arg0: "mgtfffjpxnkfijk"

timestamp = 2024-01-10T12:25:33.510589, generated = 
  arg0: "cvwesjut"

timestamp = 2024-01-10T12:25:33.511121, generated = 
  arg0: "gsg"

timestamp = 2024-01-10T12:25:33.511582, generated = 
  arg0: "z"

timestamp = 2024-01-10T12:25:33.512055, generated = 
  arg0: "w"

timestamp = 2024-01-10T12:25:33.512659, generated = 
  arg0: "ijifwnaba"

timestamp = 2024-01-10T12:25:33.513167, generated = 
  arg0: "tdryqoztcihnsxo"

timestamp = 2024-01-10T12:25:33.513733, generated = 
  arg0: "mwtzayiq"

timestamp = 2024-01-10T12:25:33.514297, generated = 
  arg0: "fqxypqggqc"

timestamp = 2024-01-10T12:25:33.514839, generated = 
  arg0: "cq"

timestamp = 2024-01-10T12:25:33.515382, generated = 
  arg0: "luo"

timestamp = 2024-01-10T12:25:33.515935, generated = 
  arg0: "pmssybetezgr"

timestamp = 2024-01-10T12:25:33.516510, generated = 
  arg0: "swalkh"

timestamp = 2024-01-10T12:25:33.517021, generated = 
  arg0: "a"

timestamp = 2024-01-10T12:25:33.517525, generated = 
  arg0: "osnvymeqaufiuvd"

timestamp = 2024-01-10T12:25:33.517957, generated = 
  arg0: ""

timestamp = 2024-01-10T12:25:33.518620, generated = 
  arg0: "imf"

timestamp = 2024-01-10T12:25:33.519337, generated = 
  arg0: "lfeowmp"

timestamp = 2024-01-10T12:25:33.519879, generated = 
  arg0: "rwhgex"

timestamp = 2024-01-10T12:25:33.520591, generated = 
  arg0: "fhvldfycpfxmxj"

timestamp = 2024-01-10T12:25:33.521181, generated = 
  arg0: ""

timestamp = 2024-01-10T12:25:33.521741, generated = 
  arg0: "x"

timestamp = 2024-01-10T12:25:33.522525, generated = 
  arg0: "objf"

timestamp = 2024-01-10T12:25:33.523226, generated = 
  arg0: "zakxdayyy"

timestamp = 2024-01-10T12:25:33.523880, generated = 
  arg0: "daunjrytrbcg"

timestamp = 2024-01-10T12:25:33.524831, generated = 
  arg0: "pighlvgororm"

timestamp = 2024-01-10T12:25:33.525505, generated = 
  arg0: "ubcozyfhjsis"

timestamp = 2024-01-10T12:25:33.526064, generated = 
  arg0: "up"

timestamp = 2024-01-10T12:25:33.526703, generated = 
  arg0: "scixcwmjebfa"

timestamp = 2024-01-10T12:25:33.527226, generated = 
  arg0: "umn"

timestamp = 2024-01-10T12:25:33.527835, generated = 
  arg0: "bqeyxfwp"

timestamp = 2024-01-10T12:25:33.528564, generated = 
  arg0: "azryhezxnrhpl"

timestamp = 2024-01-10T12:25:33.529278, generated = 
  arg0: "qfkpdz"

timestamp = 2024-01-10T12:25:33.530874, generated = 
  arg0: "zxfqgzhwnbr"

timestamp = 2024-01-10T12:25:33.531581, generated = 
  arg0: "yzkceczgbicwmyo"

timestamp = 2024-01-10T12:25:33.532129, generated = 
  arg0: "tcponhwldhzkat"

timestamp = 2024-01-10T12:25:33.532705, generated = 
  arg0: "pgfuqqakktbj"

timestamp = 2024-01-10T12:25:33.533279, generated = 
  arg0: "tvokygoyzeoyefg"

timestamp = 2024-01-10T12:25:33.533907, generated = 
  arg0: "dvnfehhxkv"

timestamp = 2024-01-10T12:25:33.534544, generated = 
  arg0: "pzvagvsmnzr"

timestamp = 2024-01-10T12:25:33.535082, generated = 
  arg0: ""

timestamp = 2024-01-10T12:25:33.535894, generated = 
  arg0: "fqgtgmtmegdnvjj"

timestamp = 2024-01-10T12:25:33.536531, generated = 
  arg0: "wilcv"

timestamp = 2024-01-10T12:25:33.537262, generated = 
  arg0: "v"

timestamp = 2024-01-10T12:25:33.537774, generated = 
  arg0: ""

timestamp = 2024-01-10T12:25:33.538339, generated = 
  arg0: "exicgccsk"

timestamp = 2024-01-10T12:25:33.538966, generated = 
  arg0: "hjs"

timestamp = 2024-01-10T12:25:33.539644, generated = 
  arg0: "tmkgxdjkz"

timestamp = 2024-01-10T12:25:33.540192, generated = 
  arg0: "gjprqgk"

timestamp = 2024-01-10T12:25:33.540640, generated = 
  arg0: "tiuzi"

timestamp = 2024-01-10T12:25:33.541154, generated = 
  arg0: "xznhhqvudx"

timestamp = 2024-01-10T12:25:33.541722, generated = 
  arg0: "sikid"

timestamp = 2024-01-10T12:25:33.542247, generated = 
  arg0: "ovrk"

timestamp = 2024-01-10T12:25:33.542796, generated = 
  arg0: "wmljbjdgywyheer"

timestamp = 2024-01-10T12:25:33.543306, generated = 
  arg0: "np"

timestamp = 2024-01-10T12:25:33.543922, generated = 
  arg0: "wiurxycjcazt"

timestamp = 2024-01-10T12:25:33.544615, generated = 
  arg0: "ymmepgnymblurlr"

timestamp = 2024-01-10T12:25:33.545180, generated = 
  arg0: "vljhixlxgqpf"

timestamp = 2024-01-10T12:25:33.545774, generated = 
  arg0: "fraiupvzenmbgl"

timestamp = 2024-01-10T12:25:33.546326, generated = 
  arg0: "u"

timestamp = 2024-01-10T12:25:33.546993, generated = 
  arg0: "uh"

timestamp = 2024-01-10T12:25:33.548485, generated = 
  arg0: "cofdrepxurtps"

timestamp = 2024-01-10T12:25:33.549040, generated = 
  arg0: "x"

timestamp = 2024-01-10T12:25:33.550054, generated = 
  arg0: "ffscywsygo"

timestamp = 2024-01-10T12:25:33.550746, generated = 
  arg0: "mry"

timestamp = 2024-01-10T12:25:33.551301, generated = 
  arg0: "z"

timestamp = 2024-01-10T12:25:33.552272, generated = 
  arg0: "bawhkqq"

timestamp = 2024-01-10T12:25:33.553400, generated = 
  arg0: "axdcajjbb"

timestamp = 2024-01-10T12:25:33.554118, generated = 
  arg0: "eu"

timestamp = 2024-01-10T12:25:33.554850, generated = 
  arg0: "er"

timestamp = 2024-01-10T12:25:33.555462, generated = 
  arg0: "q"

timestamp = 2024-01-10T12:25:33.556180, generated = 
  arg0: "joqlox"

timestamp = 2024-01-10T12:25:33.556713, generated = 
  arg0: "gmshgplfdj"

timestamp = 2024-01-10T12:25:33.557214, generated = 
  arg0: "aad"

timestamp = 2024-01-10T12:25:33.557597, generated = 
  arg0: ""

timestamp = 2024-01-10T12:25:33.558128, generated = 
  arg0: "lafwio"

timestamp = 2024-01-10T12:25:33.558694, generated = 
  arg0: "qaytf"

timestamp = 2024-01-10T12:25:33.559715, generated = 
  arg0: "swuxjdouhin"

timestamp = 2024-01-10T12:25:33.560328, generated = 
  arg0: "pozjqutmoj"

timestamp = 2024-01-10T12:25:33.560875, generated = 
  arg0: ""

timestamp = 2024-01-10T12:25:33.561342, generated = 
  arg0: "m"

timestamp = 2024-01-10T12:25:33.561761, generated = 
  arg0: ""

timestamp = 2024-01-10T12:25:33.562236, generated = 
  arg0: "us"

timestamp = 2024-01-10T12:25:33.562595, generated = 
  arg0: "ndu"

timestamp = 2024-01-10T12:25:33.563010, generated = 
  arg0: "xewclynnfzerjx"

timestamp = 2024-01-10T12:25:33.563555, generated = 
  arg0: "quelxosvjceg"

timestamp = 2024-01-10T12:25:33.563998, generated = 
  arg0: "ktoxswqqqm"

timestamp = 2024-01-10T12:25:33.564514, generated = 
  arg0: "zpnqwhtcpqwprl"

timestamp = 2024-01-10T12:25:33.565072, generated = 
  arg0: "mtbrnrjpylkxfx"

timestamp = 2024-01-10T12:25:33.565553, generated = 
  arg0: "hcdbb"

timestamp = 2024-01-10T12:25:33.566026, generated = 
  arg0: "ugqmszrijhvatxw"

timestamp = 2024-01-10T12:25:33.570898, generated = 
  arg0: "wkrgxem"

timestamp = 2024-01-10T12:25:33.571354, generated = 
  arg0: "z"

timestamp = 2024-01-10T12:25:33.571850, generated = 
  arg0: "kmyg"

timestamp = 2024-01-10T12:25:33.572507, generated = 
  arg0: "opugpwkmzx"

timestamp = 2024-01-10T12:25:33.573171, generated = 
  arg0: ""

timestamp = 2024-01-10T12:25:33.573831, generated = 
  arg0: "uoijwicm"

timestamp = 2024-01-10T12:25:33.574431, generated = 
  arg0: "t"

timestamp = 2024-01-10T12:25:33.575036, generated = 
  arg0: ""

timestamp = 2024-01-10T12:25:33.575615, generated = 
  arg0: "tb"

timestamp = 2024-01-10T12:25:33.576076, generated = 
  arg0: "avlkrgubuxcy"

timestamp = 2024-01-10T12:25:33.577173, generated = 
  arg0: "jlg"

timestamp = 2024-01-10T12:25:33.577806, generated = 
  arg0: "mbevupycfnuraex"

timestamp = 2024-01-10T12:25:33.578298, generated = 
  arg0: "vxiszlqpldyddwp"

timestamp = 2024-01-10T12:25:33.578854, generated = 
  arg0: "z"

timestamp = 2024-01-10T12:25:33.579379, generated = 
  arg0: "ln"

timestamp = 2024-01-10T12:25:33.579944, generated = 
  arg0: "fiajen"

timestamp = 2024-01-10T12:25:33.580481, generated = 
  arg0: "tkpqcamxtitme"

timestamp = 2024-01-10T12:25:33.581064, generated = 
  arg0: "gywzqigzekdsr"

timestamp = 2024-01-10T12:25:33.581655, generated = 
  arg0: "ilmxivvocp"

timestamp = 2024-01-10T12:25:33.582179, generated = 
  arg0: "oidcyvuruyqasar"

timestamp = 2024-01-10T12:25:33.582666, generated = 
  arg0: "nvaqtyk"

timestamp = 2024-01-10T12:25:33.583411, generated = 
  arg0: "bwbdxohfvuavsnp"

timestamp = 2024-01-10T12:25:33.583794, generated = 
  arg0: "a"

timestamp = 2024-01-10T12:25:33.584318, generated = 
  arg0: "mljaiigbbtqkcz"

timestamp = 2024-01-10T12:25:33.584880, generated = 
  arg0: "evhrpqxzcdww"

timestamp = 2024-01-10T12:25:33.585593, generated = 
  arg0: "wfpwy"

timestamp = 2024-01-10T12:25:33.586121, generated = 
  arg0: "uagi"

timestamp = 2024-01-10T12:25:33.586728, generated = 
  arg0: "ofcv"

timestamp = 2024-01-10T12:25:33.587272, generated = 
  arg0: "rqnxmvtbgkw"

timestamp = 2024-01-10T12:25:33.587712, generated = 
  arg0: "fsyf"

timestamp = 2024-01-10T12:25:33.588866, generated = 
  arg0: "zkqoixoqvpq"

timestamp = 2024-01-10T12:25:33.589704, generated = 
  arg0: "ytuynhgrisqc"

timestamp = 2024-01-10T12:25:33.590238, generated = 
  arg0: "kbkuo"

timestamp = 2024-01-10T12:25:33.590810, generated = 
  arg0: "ewiwskvpf"

timestamp = 2024-01-10T12:25:33.591327, generated = 
  arg0: "vnkojiosotrnitl"

timestamp = 2024-01-10T12:25:33.591803, generated = 
  arg0: "yvqgq"

timestamp = 2024-01-10T12:25:33.592308, generated = 
  arg0: "cnp"

timestamp = 2024-01-10T12:25:33.592738, generated = 
  arg0: "b"

timestamp = 2024-01-10T12:25:33.593286, generated = 
  arg0: "kuhkjoa"

timestamp = 2024-01-10T12:25:33.593816, generated = 
  arg0: "gxmfivohpnca"

timestamp = 2024-01-10T12:25:33.594475, generated = 
  arg0: "sdzbjy"

timestamp = 2024-01-10T12:25:33.594862, generated = 
  arg0: "fyjjih"

timestamp = 2024-01-10T12:25:33.595472, generated = 
  arg0: "bbwssubkhvwu"

timestamp = 2024-01-10T12:25:33.596, generated = 
  arg0: "xyrugtz"

timestamp = 2024-01-10T12:25:33.596551, generated = 
  arg0: "aqcbqihnh"

timestamp = 2024-01-10T12:25:33.597096, generated = 
  arg0: "ztjurtjrkuowux"

timestamp = 2024-01-10T12:25:33.597487, generated = 
  arg0: "j"

timestamp = 2024-01-10T12:25:33.598095, generated = 
  arg0: "mbdaeousa"

timestamp = 2024-01-10T12:25:33.598449, generated = 
  arg0: "jy"

timestamp = 2024-01-10T12:25:33.599073, generated = 
  arg0: "v"

timestamp = 2024-01-10T12:25:33.600202, generated = 
  arg0: "inrxxyeh"

timestamp = 2024-01-10T12:25:33.600920, generated = 
  arg0: "gta"

timestamp = 2024-01-10T12:25:33.601386, generated = 
  arg0: "axzjom"

timestamp = 2024-01-10T12:25:33.602107, generated = 
  arg0: "eiznxvgiemoku"

timestamp = 2024-01-10T12:25:33.602688, generated = 
  arg0: "kzjqsdftoxut"

timestamp = 2024-01-10T12:25:33.603232, generated = 
  arg0: "ikhozjllaxkoj"

timestamp = 2024-01-10T12:25:33.603760, generated = 
  arg0: ""

timestamp = 2024-01-10T12:25:33.604360, generated = 
  arg0: "f"

timestamp = 2024-01-10T12:25:33.605090, generated = 
  arg0: "slewqckklukibo"

timestamp = 2024-01-10T12:25:33.605560, generated = 
  arg0: "ty"

timestamp = 2024-01-10T12:25:33.605988, generated = 
  arg0: "rhoiwmhswyhilvu"

timestamp = 2024-01-10T12:25:33.606601, generated = 
  arg0: "xbi"

timestamp = 2024-01-10T12:25:33.607078, generated = 
  arg0: "frqzzkvfegvzjek"

timestamp = 2024-01-10T12:25:33.607789, generated = 
  arg0: "nlwzdnqcxi"

timestamp = 2024-01-10T12:25:33.608146, generated = 
  arg0: "yvwtcsghqml"

timestamp = 2024-01-10T12:25:33.608640, generated = 
  arg0: "ejrjkxditcuxkck"

timestamp = 2024-01-10T12:25:33.609167, generated = 
  arg0: "flysmtznkhgyeo"

timestamp = 2024-01-10T12:25:33.609747, generated = 
  arg0: "jsnyfpjvjjgizj"

timestamp = 2024-01-10T12:25:33.610371, generated = 
  arg0: ""

timestamp = 2024-01-10T12:25:33.610902, generated = 
  arg0: "z"

timestamp = 2024-01-10T12:25:33.611628, generated = 
  arg0: "gze"

timestamp = 2024-01-10T12:25:33.612157, generated = 
  arg0: "uzrfggunjuaqj"

timestamp = 2024-01-10T12:25:33.612661, generated = 
  arg0: "xjti"

timestamp = 2024-01-10T12:25:33.613115, generated = 
  arg0: "puukoigss"

timestamp = 2024-01-10T12:25:33.613818, generated = 
  arg0: "tzqmoyrwrpysl"

timestamp = 2024-01-10T12:25:33.614422, generated = 
  arg0: "vaxlrp"

timestamp = 2024-01-10T12:25:33.615064, generated = 
  arg0: "tgn"

timestamp = 2024-01-10T12:25:33.615478, generated = 
  arg0: "cvqxmrp"

timestamp = 2024-01-10T12:25:33.616153, generated = 
  arg0: "nfumcdj"

timestamp = 2024-01-10T12:25:33.616780, generated = 
  arg0: "ngmeexsybm"

timestamp = 2024-01-10T12:25:33.617929, generated = 
  arg0: "yacd"

timestamp = 2024-01-10T12:25:33.618302, generated = 
  arg0: "vxfriokhbx"

timestamp = 2024-01-10T12:25:33.618940, generated = 
  arg0: "tfykgblxa"

timestamp = 2024-01-10T12:25:33.619600, generated = 
  arg0: ""

timestamp = 2024-01-10T12:25:33.620208, generated = 
  arg0: "domnmom"

timestamp = 2024-01-10T12:25:33.620767, generated = 
  arg0: "ioo"

timestamp = 2024-01-10T12:25:33.621288, generated = 
  arg0: "qlohecfrtkpzxuo"

timestamp = 2024-01-10T12:25:33.621681, generated = 
  arg0: "lcieilquerbucxb"

timestamp = 2024-01-10T12:25:33.622346, generated = 
  arg0: "cmwo"

timestamp = 2024-01-10T12:25:33.622828, generated = 
  arg0: "vnvku"

timestamp = 2024-01-10T12:25:33.623532, generated = 
  arg0: "vxktqpt"

timestamp = 2024-01-10T12:25:33.623970, generated = 
  arg0: "mckv"

timestamp = 2024-01-10T12:25:33.624753, generated = 
  arg0: "cstq"

timestamp = 2024-01-10T12:25:33.625283, generated = 
  arg0: "jgwtfxjde"

timestamp = 2024-01-10T12:25:33.625784, generated = 
  arg0: "ifsh"

timestamp = 2024-01-10T12:25:33.626206, generated = 
  arg0: "r"

timestamp = 2024-01-10T12:25:33.626713, generated = 
  arg0: "vf"

timestamp = 2024-01-10T12:25:33.627111, generated = 
  arg0: "xbgnvw"

timestamp = 2024-01-10T12:25:33.627681, generated = 
  arg0: "korjepxjlbze"

timestamp = 2024-01-10T12:25:33.628008, generated = 
  arg0: "anhhip"

timestamp = 2024-01-10T12:25:33.629084, generated = 
  arg0: "e"

timestamp = 2024-01-10T12:25:33.630180, generated = 
  arg0: "kceuqffmon"

timestamp = 2024-01-10T12:25:33.630902, generated = 
  arg0: "zwdbtbsihrr"

timestamp = 2024-01-10T12:25:33.631507, generated = 
  arg0: "llfpxxvisnz"

timestamp = 2024-01-10T12:25:33.631945, generated = 
  arg0: "cgwetap"

timestamp = 2024-01-10T12:25:33.632419, generated = 
  arg0: "pg"

timestamp = 2024-01-10T12:25:33.633104, generated = 
  arg0: "auobnxgfs"

timestamp = 2024-01-10T12:25:33.633506, generated = 
  arg0: "wkyy"

timestamp = 2024-01-10T12:25:33.634083, generated = 
  arg0: "vgotfj"

timestamp = 2024-01-10T12:25:33.634694, generated = 
  arg0: "rtcsvoyozkdlxf"

timestamp = 2024-01-10T12:25:33.635144, generated = 
  arg0: "cmkobg"

timestamp = 2024-01-10T12:25:33.635677, generated = 
  arg0: "jvbbuovlcmntzs"

timestamp = 2024-01-10T12:25:33.636201, generated = 
  arg0: "zfltbld"

timestamp = 2024-01-10T12:25:33.636753, generated = 
  arg0: "ynsaii"

timestamp = 2024-01-10T12:25:33.637397, generated = 
  arg0: "n"

timestamp = 2024-01-10T12:25:33.637851, generated = 
  arg0: "sldnano"

timestamp = 2024-01-10T12:25:33.638494, generated = 
  arg0: ""

timestamp = 2024-01-10T12:25:33.639081, generated = 
  arg0: "skzfpji"

timestamp = 2024-01-10T12:25:33.640074, generated = 
  arg0: ""

timestamp = 2024-01-10T12:25:33.640948, generated = 
  arg0: "wglqnfgaxwfcif"

timestamp = 2024-01-10T12:25:33.641724, generated = 
  arg0: "yarlxssslpm"

timestamp = 2024-01-10T12:25:33.642224, generated = 
  arg0: "w"

timestamp = 2024-01-10T12:25:33.642729, generated = 
  arg0: "ri"

timestamp = 2024-01-10T12:25:33.643193, generated = 
  arg0: "cplg"

timestamp = 2024-01-10T12:25:33.643546, generated = 
  arg0: "eyedpcdzc"

timestamp = 2024-01-10T12:25:33.644046, generated = 
  arg0: "royykpqfxuohu"

timestamp = 2024-01-10T12:25:33.644481, generated = 
  arg0: "iovwfcsfudtxlv"

timestamp = 2024-01-10T12:25:33.644892, generated = 
  arg0: "sluclhmf"

timestamp = 2024-01-10T12:25:33.645255, generated = 
  arg0: "wafdwmsmcduze"

timestamp = 2024-01-10T12:25:33.645670, generated = 
  arg0: "itcxxtfcierinl"

timestamp = 2024-01-10T12:25:33.646125, generated = 
  arg0: "pq"

timestamp = 2024-01-10T12:25:33.646716, generated = 
  arg0: "ukbtswodlh"

timestamp = 2024-01-10T12:25:33.647109, generated = 
  arg0: "b"

timestamp = 2024-01-10T12:25:33.647650, generated = 
  arg0: "pvklhnuemdtkr"

timestamp = 2024-01-10T12:25:33.648025, generated = 
  arg0: "adzxkspgqgeb"

timestamp = 2024-01-10T12:25:33.648481, generated = 
  arg0: "pbp"

timestamp = 2024-01-10T12:25:33.648910, generated = 
  arg0: "fjddicwiman"

timestamp = 2024-01-10T12:25:33.649530, generated = 
  arg0: "ojyycaaibwh"

timestamp = 2024-01-10T12:25:33.650106, generated = 
  arg0: "jyb"

timestamp = 2024-01-10T12:25:33.650537, generated = 
  arg0: "qwajepoji"

timestamp = 2024-01-10T12:25:33.650989, generated = 
  arg0: "dt"

timestamp = 2024-01-10T12:25:33.651408, generated = 
  arg0: "ykhxcsqt"

timestamp = 2024-01-10T12:25:33.652252, generated = 
  arg0: "sjbfumhodqf"

timestamp = 2024-01-10T12:25:33.652969, generated = 
  arg0: "guwuenuffbf"

timestamp = 2024-01-10T12:25:33.653548, generated = 
  arg0: "njnoflyjqhcw"

timestamp = 2024-01-10T12:25:33.654045, generated = 
  arg0: "zbnal"

timestamp = 2024-01-10T12:25:33.654459, generated = 
  arg0: "usos"

timestamp = 2024-01-10T12:25:33.654900, generated = 
  arg0: "yozspjwpabg"

timestamp = 2024-01-10T12:25:33.655438, generated = 
  arg0: "z"

timestamp = 2024-01-10T12:25:33.655915, generated = 
  arg0: "uf"

timestamp = 2024-01-10T12:25:33.656470, generated = 
  arg0: "fcjiobf"

timestamp = 2024-01-10T12:25:33.657011, generated = 
  arg0: "y"

timestamp = 2024-01-10T12:25:33.657508, generated = 
  arg0: "tjtefbphdrlna"

timestamp = 2024-01-10T12:25:33.658340, generated = 
  arg0: "plktwx"

timestamp = 2024-01-10T12:25:33.658927, generated = 
  arg0: "hkadndnflyegykw"

timestamp = 2024-01-10T12:25:33.659449, generated = 
  arg0: "xqx"

timestamp = 2024-01-10T12:25:33.659909, generated = 
  arg0: "gqnvam"

timestamp = 2024-01-10T12:25:33.660330, generated = 
  arg0: ""

timestamp = 2024-01-10T12:25:33.660799, generated = 
  arg0: "vsmrkr"

timestamp = 2024-01-10T12:25:33.661210, generated = 
  arg0: "g"

timestamp = 2024-01-10T12:25:33.661721, generated = 
  arg0: "ybdfeuqzbuu"

timestamp = 2024-01-10T12:25:33.662187, generated = 
  arg0: "sqofhtbvsib"

timestamp = 2024-01-10T12:25:33.662580, generated = 
  arg0: ""

timestamp = 2024-01-10T12:25:33.662994, generated = 
  arg0: ""

timestamp = 2024-01-10T12:25:33.663600, generated = 
  arg0: "iruzvfix"

timestamp = 2024-01-10T12:25:33.664058, generated = 
  arg0: "ez"

timestamp = 2024-01-10T12:25:33.664562, generated = 
  arg0: "zckoqec"

timestamp = 2024-01-10T12:25:33.664969, generated = 
  arg0: ""

timestamp = 2024-01-10T12:25:33.665419, generated = 
  arg0: "aclfibpdnvbqxr"

timestamp = 2024-01-10T12:25:33.665887, generated = 
  arg0: "ldbngyspp"

timestamp = 2024-01-10T12:25:33.666356, generated = 
  arg0: "gneg"

timestamp = 2024-01-10T12:25:33.666808, generated = 
  arg0: "keteklphfdl"

timestamp = 2024-01-10T12:25:33.667260, generated = 
  arg0: "gmbzxtarjsnu"

timestamp = 2024-01-10T12:25:33.667844, generated = 
  arg0: "cfitjkk"

timestamp = 2024-01-10T12:25:33.668348, generated = 
  arg0: "alg"

timestamp = 2024-01-10T12:25:33.668821, generated = 
  arg0: "veqk"

timestamp = 2024-01-10T12:25:33.670020, generated = 
  arg0: "sjfvmbu"

timestamp = 2024-01-10T12:25:33.670553, generated = 
  arg0: "b"

timestamp = 2024-01-10T12:25:33.671050, generated = 
  arg0: "lqrxjpsvbbyiwp"

timestamp = 2024-01-10T12:25:33.671535, generated = 
  arg0: "zv"

timestamp = 2024-01-10T12:25:33.672028, generated = 
  arg0: "lrqmpfvzqkf"

timestamp = 2024-01-10T12:25:33.672529, generated = 
  arg0: "fa"

timestamp = 2024-01-10T12:25:33.672988, generated = 
  arg0: "jgnnvbucxeoflkm"

timestamp = 2024-01-10T12:25:33.673453, generated = 
  arg0: "iwtzhmcjlzra"

timestamp = 2024-01-10T12:25:33.673927, generated = 
  arg0: "tgpesayxcrqt"

timestamp = 2024-01-10T12:25:33.674448, generated = 
  arg0: "xbslnsy"

timestamp = 2024-01-10T12:25:33.674886, generated = 
  arg0: "y"

timestamp = 2024-01-10T12:25:33.675407, generated = 
  arg0: "ssusfdty"

timestamp = 2024-01-10T12:25:33.675882, generated = 
  arg0: "m"

timestamp = 2024-01-10T12:25:33.676305, generated = 
  arg0: "hby"

timestamp = 2024-01-10T12:25:33.676711, generated = 
  arg0: ""

timestamp = 2024-01-10T12:25:33.677262, generated = 
  arg0: "rmclmvsuwfhm"

timestamp = 2024-01-10T12:25:33.677742, generated = 
  arg0: ""

timestamp = 2024-01-10T12:25:33.678202, generated = 
  arg0: ""

timestamp = 2024-01-10T12:25:33.678746, generated = 
  arg0: ""

timestamp = 2024-01-10T12:25:33.679253, generated = 
  arg0: "whrkwoblrv"

timestamp = 2024-01-10T12:25:33.679726, generated = 
  arg0: "uhbdfra"

timestamp = 2024-01-10T12:25:33.680326, generated = 
  arg0: "a"

timestamp = 2024-01-10T12:25:33.680980, generated = 
  arg0: "z"

timestamp = 2024-01-10T12:25:33.681501, generated = 
  arg0: "gmzfq"

timestamp = 2024-01-10T12:25:33.682022, generated = 
  arg0: "hgimefmr"

timestamp = 2024-01-10T12:25:33.682542, generated = 
  arg0: "vdgvjppgl"

timestamp = 2024-01-10T12:25:33.682978, generated = 
  arg0: "cmwrnwtwodezpw"

timestamp = 2024-01-10T12:25:33.683470, generated = 
  arg0: "hupdtcjavmo"

timestamp = 2024-01-10T12:25:33.683956, generated = 
  arg0: "uleavhqry"

timestamp = 2024-01-10T12:25:33.684458, generated = 
  arg0: "ezgjkrqneqq"

timestamp = 2024-01-10T12:25:33.684889, generated = 
  arg0: "xogjzj"

timestamp = 2024-01-10T12:25:33.685348, generated = 
  arg0: "hwwgfupuk"

timestamp = 2024-01-10T12:25:33.685949, generated = 
  arg0: "dldjilxrhtvo"

timestamp = 2024-01-10T12:25:33.686412, generated = 
  arg0: "jollkudujbvd"

timestamp = 2024-01-10T12:25:33.687294, generated = 
  arg0: "bhr"

timestamp = 2024-01-10T12:25:33.687915, generated = 
  arg0: "wgqurb"

timestamp = 2024-01-10T12:25:33.688565, generated = 
  arg0: "egthhnpzx"

timestamp = 2024-01-10T12:25:33.689123, generated = 
  arg0: "ygvnthkzxmax"

timestamp = 2024-01-10T12:25:33.689796, generated = 
  arg0: "z"

timestamp = 2024-01-10T12:25:33.690278, generated = 
  arg0: "ah"

timestamp = 2024-01-10T12:25:33.690992, generated = 
  arg0: "bpzvlzhdmqowex"

timestamp = 2024-01-10T12:25:33.691565, generated = 
  arg0: "xiev"

timestamp = 2024-01-10T12:25:33.691980, generated = 
  arg0: "ayxqe"

timestamp = 2024-01-10T12:25:33.692669, generated = 
  arg0: "xbupmzprgykol"

timestamp = 2024-01-10T12:25:33.693317, generated = 
  arg0: "vwpwcicazxf"

timestamp = 2024-01-10T12:25:33.693820, generated = 
  arg0: "vqxdkgdjte"

timestamp = 2024-01-10T12:25:33.694472, generated = 
  arg0: "erkwd"

timestamp = 2024-01-10T12:25:33.695141, generated = 
  arg0: "xmyzahxuqic"

timestamp = 2024-01-10T12:25:33.695586, generated = 
  arg0: "gxacqhduegwrrd"

timestamp = 2024-01-10T12:25:33.696198, generated = 
  arg0: "sdmsnedf"

timestamp = 2024-01-10T12:25:33.696730, generated = 
  arg0: "njghdueo"

timestamp = 2024-01-10T12:25:33.697300, generated = 
  arg0: "khynjfaswwdgirl"

timestamp = 2024-01-10T12:25:33.697866, generated = 
  arg0: ""

timestamp = 2024-01-10T12:25:33.698513, generated = 
  arg0: "zbmvioafd"

timestamp = 2024-01-10T12:25:33.699093, generated = 
  arg0: "wjhtgwedom"

timestamp = 2024-01-10T12:25:33.699601, generated = 
  arg0: "hdpetocitattvdq"

timestamp = 2024-01-10T12:25:33.700117, generated = 
  arg0: "gvydwaodwdhftbp"

timestamp = 2024-01-10T12:25:33.700566, generated = 
  arg0: ""

timestamp = 2024-01-10T12:25:33.700956, generated = 
  arg0: "ck"

timestamp = 2024-01-10T12:25:33.701378, generated = 
  arg0: "dg"

timestamp = 2024-01-10T12:25:33.701990, generated = 
  arg0: "wsdoqpsdpvlju"

timestamp = 2024-01-10T12:25:33.702525, generated = 
  arg0: "ufkxiccvunsl"

timestamp = 2024-01-10T12:25:33.703023, generated = 
  arg0: "khjdirjld"

timestamp = 2024-01-10T12:25:33.703539, generated = 
  arg0: "laouavpdgemlerm"

timestamp = 2024-01-10T12:25:33.704057, generated = 
  arg0: "f"

timestamp = 2024-01-10T12:25:33.704561, generated = 
  arg0: ""

timestamp = 2024-01-10T12:25:33.705136, generated = 
  arg0: "hofieynfte"

timestamp = 2024-01-10T12:25:33.705728, generated = 
  arg0: "jmzltufubvpiokd"

timestamp = 2024-01-10T12:25:33.706302, generated = 
  arg0: "efzxtui"

timestamp = 2024-01-10T12:25:33.706774, generated = 
  arg0: "m"

timestamp = 2024-01-10T12:25:33.707204, generated = 
  arg0: "gsdl"

timestamp = 2024-01-10T12:25:33.707654, generated = 
  arg0: "jvfhbc"

timestamp = 2024-01-10T12:25:33.708154, generated = 
  arg0: ""

timestamp = 2024-01-10T12:25:33.708700, generated = 
  arg0: "ofjucvqiga"

timestamp = 2024-01-10T12:25:33.709196, generated = 
  arg0: "zvbewszdcan"

timestamp = 2024-01-10T12:25:33.710190, generated = 
  arg0: "kksmshyoudr"

timestamp = 2024-01-10T12:25:33.710892, generated = 
  arg0: "iilwwvn"

timestamp = 2024-01-10T12:25:33.711436, generated = 
  arg0: "rbfklwqjyaohvoq"

timestamp = 2024-01-10T12:25:33.711883, generated = 
  arg0: "mdoi"

timestamp = 2024-01-10T12:25:33.712350, generated = 
  arg0: "ggkleiyb"

timestamp = 2024-01-10T12:25:33.712839, generated = 
  arg0: "juobwknnxvwdfu"

timestamp = 2024-01-10T12:25:33.713481, generated = 
  arg0: "finefwkuavtmww"

timestamp = 2024-01-10T12:25:33.714082, generated = 
  arg0: "fycgeqehb"

timestamp = 2024-01-10T12:25:33.714679, generated = 
  arg0: "rgxf"

timestamp = 2024-01-10T12:25:33.715188, generated = 
  arg0: "dofbwcxy"

timestamp = 2024-01-10T12:25:33.715793, generated = 
  arg0: "fylfkgmofab"

timestamp = 2024-01-10T12:25:33.716285, generated = 
  arg0: "chczoebvnpoguke"

timestamp = 2024-01-10T12:25:33.716771, generated = 
  arg0: "verdzxio"

timestamp = 2024-01-10T12:25:33.717351, generated = 
  arg0: "pjtietfjxxaklzl"

timestamp = 2024-01-10T12:25:33.717781, generated = 
  arg0: "wvbyqmbawk"

timestamp = 2024-01-10T12:25:33.718142, generated = 
  arg0: "uyzhsygta"

timestamp = 2024-01-10T12:25:33.718569, generated = 
  arg0: "a"

timestamp = 2024-01-10T12:25:33.719008, generated = 
  arg0: "ze"

timestamp = 2024-01-10T12:25:33.719516, generated = 
  arg0: "nkojrx"

timestamp = 2024-01-10T12:25:33.719940, generated = 
  arg0: "quvs"

timestamp = 2024-01-10T12:25:33.720345, generated = 
  arg0: ""

timestamp = 2024-01-10T12:25:33.720846, generated = 
  arg0: "egskfvdkrstyxuz"

timestamp = 2024-01-10T12:25:33.721270, generated = 
  arg0: "fjypjlhtxbmu"

timestamp = 2024-01-10T12:25:33.721750, generated = 
  arg0: "xxqguo"

timestamp = 2024-01-10T12:25:33.722301, generated = 
  arg0: "pf"

timestamp = 2024-01-10T12:25:33.722777, generated = 
  arg0: "pzaodqtxmu"

timestamp = 2024-01-10T12:25:33.723216, generated = 
  arg0: "vcvdvntxwkiaaj"

timestamp = 2024-01-10T12:25:33.723738, generated = 
  arg0: "qgjdmwlrdglazm"

timestamp = 2024-01-10T12:25:33.724304, generated = 
  arg0: "yyhzoelk"

timestamp = 2024-01-10T12:25:33.724899, generated = 
  arg0: "jubivqpkmmlct"

timestamp = 2024-01-10T12:25:33.725440, generated = 
  arg0: "fucgsd"

timestamp = 2024-01-10T12:25:33.726067, generated = 
  arg0: "xdzlzhzlevgxyc"

timestamp = 2024-01-10T12:25:33.726616, generated = 
  arg0: "xpkh"

timestamp = 2024-01-10T12:25:33.727043, generated = 
  arg0: "vazjlqyatf"

timestamp = 2024-01-10T12:25:33.728091, generated = 
  arg0: "oqzqgofrp"

timestamp = 2024-01-10T12:25:33.728537, generated = 
  arg0: "i"

timestamp = 2024-01-10T12:25:33.728981, generated = 
  arg0: "zhfagndhbmhli"

timestamp = 2024-01-10T12:25:33.729389, generated = 
  arg0: "zeoarbcuax"

timestamp = 2024-01-10T12:25:33.729979, generated = 
  arg0: "pnsrkxcvak"

timestamp = 2024-01-10T12:25:33.730561, generated = 
  arg0: "rysrduzw"

timestamp = 2024-01-10T12:25:33.731141, generated = 
  arg0: "zuu"

timestamp = 2024-01-10T12:25:33.731627, generated = 
  arg0: "kmmcewmykqq"

timestamp = 2024-01-10T12:25:33.732092, generated = 
  arg0: "a"

timestamp = 2024-01-10T12:25:33.732518, generated = 
  arg0: "a"

timestamp = 2024-01-10T12:25:33.732989, generated = 
  arg0: "eiv"

timestamp = 2024-01-10T12:25:33.733492, generated = 
  arg0: "aybwelr"

timestamp = 2024-01-10T12:25:33.733974, generated = 
  arg0: "vyflynmteb"

timestamp = 2024-01-10T12:25:33.734517, generated = 
  arg0: ""

timestamp = 2024-01-10T12:25:33.735081, generated = 
  arg0: "agdugstqfhv"

timestamp = 2024-01-10T12:25:33.735521, generated = 
  arg0: "dp"

timestamp = 2024-01-10T12:25:33.735987, generated = 
  arg0: "vdeqyfgwxxum"

timestamp = 2024-01-10T12:25:33.736548, generated = 
  arg0: "zrajo"

timestamp = 2024-01-10T12:25:33.737016, generated = 
  arg0: "bzf"

timestamp = 2024-01-10T12:25:33.737540, generated = 
  arg0: "pnaftbhwdsj"

timestamp = 2024-01-10T12:25:33.738122, generated = 
  arg0: "ndvnchbtpzce"

timestamp = 2024-01-10T12:25:33.739132, generated = 
  arg0: "sfcjctgpz"

timestamp = 2024-01-10T12:25:33.740211, generated = 
  arg0: "ngmohlgnpoxpqht"

timestamp = 2024-01-10T12:25:33.740745, generated = 
  arg0: "p"

timestamp = 2024-01-10T12:25:33.741177, generated = 
  arg0: "uqe"

timestamp = 2024-01-10T12:25:33.741733, generated = 
  arg0: "juy"

timestamp = 2024-01-10T12:25:33.742327, generated = 
  arg0: "kequmutps"

timestamp = 2024-01-10T12:25:33.742754, generated = 
  arg0: "bwz"

timestamp = 2024-01-10T12:25:33.743219, generated = 
  arg0: "mbvxc"

timestamp = 2024-01-10T12:25:33.743692, generated = 
  arg0: "gtrlxuhri"

timestamp = 2024-01-10T12:25:33.744124, generated = 
  arg0: "wvkwsiemwnni"

timestamp = 2024-01-10T12:25:33.744571, generated = 
  arg0: ""

timestamp = 2024-01-10T12:25:33.745076, generated = 
  arg0: "pgoitkcusgruq"

timestamp = 2024-01-10T12:25:33.745548, generated = 
  arg0: "zxaubisxj"

timestamp = 2024-01-10T12:25:33.746222, generated = 
  arg0: "wbgmsc"

timestamp = 2024-01-10T12:25:33.746823, generated = 
  arg0: "quphwdiwjcvtbm"

timestamp = 2024-01-10T12:25:33.747430, generated = 
  arg0: "jhlsmphjml"

timestamp = 2024-01-10T12:25:33.747938, generated = 
  arg0: "gtkwagrpljmlz"

timestamp = 2024-01-10T12:25:33.748399, generated = 
  arg0: "hgcebvxa"

timestamp = 2024-01-10T12:25:33.765411, [LetterOrderCheckerTest:invalidCase] (1000) Vuota = 
    false (926) : 93 %
    true  ( 74) :  7 %

timestamp = 2024-01-10T12:25:33.765906, [LetterOrderCheckerTest:invalidCase] (1000) Lunghezza 1 = 
    false (899) : 90 %
    true  (101) : 10 %

timestamp = 2024-01-10T12:25:33.766407, [LetterOrderCheckerTest:invalidCase] (1000) Contiene first e second letter = 
    false (936) : 94 %
    true  ( 64) :  6 %

timestamp = 2024-01-10T12:25:33.767018, [LetterOrderCheckerTest:invalidCase] (1000) Risultato = 
    false (973) : 97 %
    true  ( 27) :  3 %

timestamp = 2024-01-10T12:25:33.775790, LetterOrderCheckerTest:invalidCase = 
                              |-----------------------jqwik-----------------------
tries = 1000                  | # of calls to property
checks = 1000                 | # of not rejected calls
generation = RANDOMIZED       | parameters are randomly generated
after-failure = SAMPLE_FIRST  | try previously failed sample, then previous seed
when-fixed-seed = ALLOW       | fixing the random seed is allowed
edge-cases#mode = MIXIN       | edge cases are mixed in
edge-cases#total = 3          | # of all combined edge cases
edge-cases#tried = 3          | # of edge cases tried in current run
seed = 3064841257322284594    | random seed to reproduce generated values


timestamp = 2024-01-10T12:25:33.790595, generated = 
  arg0: "ciybup"

timestamp = 2024-01-10T12:25:33.816661, generated = 
  arg0: "si"

timestamp = 2024-01-10T12:25:33.817298, generated = 
  arg0: "gkrnpmrnplb"

timestamp = 2024-01-10T12:25:33.818423, generated = 
  arg0: "vi"

timestamp = 2024-01-10T12:25:33.818774, generated = 
  arg0: "swojhlupwjjlqm"

timestamp = 2024-01-10T12:25:33.820636, generated = 
  arg0: "jswnx"

timestamp = 2024-01-10T12:25:33.821454, generated = 
  arg0: "hwfdevmjdcvofe"

timestamp = 2024-01-10T12:25:33.824384, generated = 
  arg0: "mxpmpkqqxu"

timestamp = 2024-01-10T12:25:33.825161, generated = 
  arg0: "flwnkdei"

timestamp = 2024-01-10T12:25:33.826054, generated = 
  arg0: "bn"

timestamp = 2024-01-10T12:25:33.826630, generated = 
  arg0: "qopesngwch"

timestamp = 2024-01-10T12:25:33.827223, generated = 
  arg0: "bb"

timestamp = 2024-01-10T12:25:33.827753, generated = 
  arg0: "ydxnjmilpwulvqc"

timestamp = 2024-01-10T12:25:33.828708, generated = 
  arg0: "jxibff"

timestamp = 2024-01-10T12:25:33.829255, generated = 
  arg0: "tiwrjiihejjtscq"

timestamp = 2024-01-10T12:25:33.829953, generated = 
  arg0: "ylyw"

timestamp = 2024-01-10T12:25:33.831365, generated = 
  arg0: "yy"

timestamp = 2024-01-10T12:25:33.832420, generated = 
  arg0: "eto"

timestamp = 2024-01-10T12:25:33.841401, generated = 
  arg0: "qpbwbt"

timestamp = 2024-01-10T12:25:33.842199, generated = 
  arg0: "lregfqqvxdqxon"

timestamp = 2024-01-10T12:25:33.843119, generated = 
  arg0: "usn"

timestamp = 2024-01-10T12:25:33.843906, generated = 
  arg0: "gqheuvegxsl"

timestamp = 2024-01-10T12:25:33.844667, generated = 
  arg0: "njefvfqnlo"

timestamp = 2024-01-10T12:25:33.845444, generated = 
  arg0: "ftfsijscv"

timestamp = 2024-01-10T12:25:33.846611, generated = 
  arg0: "ntwmqo"

timestamp = 2024-01-10T12:25:33.847348, generated = 
  arg0: "brcnv"

timestamp = 2024-01-10T12:25:33.848078, generated = 
  arg0: "lvd"

timestamp = 2024-01-10T12:25:33.848711, generated = 
  arg0: "qt"

timestamp = 2024-01-10T12:25:33.850517, generated = 
  arg0: "ggnvcevhl"

timestamp = 2024-01-10T12:25:33.851456, generated = 
  arg0: "itkgcbij"

timestamp = 2024-01-10T12:25:33.852359, generated = 
  arg0: "hg"

timestamp = 2024-01-10T12:25:33.853082, generated = 
  arg0: "lxtefkp"

timestamp = 2024-01-10T12:25:33.854081, generated = 
  arg0: "yhtoqsiv"

timestamp = 2024-01-10T12:25:33.854593, generated = 
  arg0: "ofgd"

timestamp = 2024-01-10T12:25:33.855279, generated = 
  arg0: "vjuqkhorsticfj"

timestamp = 2024-01-10T12:25:33.856270, generated = 
  arg0: "vsuolkrkwvgboe"

timestamp = 2024-01-10T12:25:33.857021, generated = 
  arg0: "xojydviji"

timestamp = 2024-01-10T12:25:33.857701, generated = 
  arg0: "mdvdvn"

timestamp = 2024-01-10T12:25:33.858303, generated = 
  arg0: "goc"

timestamp = 2024-01-10T12:25:33.858948, generated = 
  arg0: "mjvtobrip"

timestamp = 2024-01-10T12:25:33.859776, generated = 
  arg0: "nysxhrhcv"

timestamp = 2024-01-10T12:25:33.860508, generated = 
  arg0: "hscprlyrj"

timestamp = 2024-01-10T12:25:33.861246, generated = 
  arg0: "vdultesnwxhsxv"

timestamp = 2024-01-10T12:25:33.861953, generated = 
  arg0: "liitkomkelbmtno"

timestamp = 2024-01-10T12:25:33.862426, generated = 
  arg0: "dlyumfgcxp"

timestamp = 2024-01-10T12:25:33.863125, generated = 
  arg0: "rckyd"

timestamp = 2024-01-10T12:25:33.863729, generated = 
  arg0: "vtniysculjgfhvp"

timestamp = 2024-01-10T12:25:33.864657, generated = 
  arg0: "vhildsythdhupq"

timestamp = 2024-01-10T12:25:33.865365, generated = 
  arg0: "lwnuqblevjmvhh"

timestamp = 2024-01-10T12:25:33.866015, generated = 
  arg0: "ulio"

timestamp = 2024-01-10T12:25:33.867151, generated = 
  arg0: "vhpb"

timestamp = 2024-01-10T12:25:33.868195, generated = 
  arg0: "liflcnywvufgqbq"

timestamp = 2024-01-10T12:25:33.868996, generated = 
  arg0: "mhfpmmckduktm"

timestamp = 2024-01-10T12:25:33.870175, generated = 
  arg0: "ilooeoouyhjuv"

timestamp = 2024-01-10T12:25:33.870782, generated = 
  arg0: "eklgnurkom"

timestamp = 2024-01-10T12:25:33.871521, generated = 
  arg0: "yd"

timestamp = 2024-01-10T12:25:33.871995, generated = 
  arg0: "rlw"

timestamp = 2024-01-10T12:25:33.872741, generated = 
  arg0: "ikrrjjxpwxcmf"

timestamp = 2024-01-10T12:25:33.873511, generated = 
  arg0: "bshlqhvg"

timestamp = 2024-01-10T12:25:33.874132, generated = 
  arg0: "fjskg"

timestamp = 2024-01-10T12:25:33.874876, generated = 
  arg0: "kn"

timestamp = 2024-01-10T12:25:33.875311, generated = 
  arg0: "keqqb"

timestamp = 2024-01-10T12:25:33.875933, generated = 
  arg0: "tjndxomd"

timestamp = 2024-01-10T12:25:33.876606, generated = 
  arg0: "dkclo"

timestamp = 2024-01-10T12:25:33.877204, generated = 
  arg0: "ytfthdkysuhp"

timestamp = 2024-01-10T12:25:33.878124, generated = 
  arg0: "rk"

timestamp = 2024-01-10T12:25:33.878796, generated = 
  arg0: "geenrktkdqwvfqv"

timestamp = 2024-01-10T12:25:33.879468, generated = 
  arg0: "xnuwt"

timestamp = 2024-01-10T12:25:33.880158, generated = 
  arg0: "gtn"

timestamp = 2024-01-10T12:25:33.881025, generated = 
  arg0: "nwu"

timestamp = 2024-01-10T12:25:33.881697, generated = 
  arg0: "sgpnnwydmbvdwix"

timestamp = 2024-01-10T12:25:33.882439, generated = 
  arg0: "wxiilikophndg"

timestamp = 2024-01-10T12:25:33.883222, generated = 
  arg0: "woygsle"

timestamp = 2024-01-10T12:25:33.883802, generated = 
  arg0: "vrktusm"

timestamp = 2024-01-10T12:25:33.884434, generated = 
  arg0: "lbpqwtgr"

timestamp = 2024-01-10T12:25:33.885085, generated = 
  arg0: "dkdjrnoofgxwip"

timestamp = 2024-01-10T12:25:33.885765, generated = 
  arg0: "ywenqxw"

timestamp = 2024-01-10T12:25:33.886270, generated = 
  arg0: "lqcvvujmped"

timestamp = 2024-01-10T12:25:33.886835, generated = 
  arg0: "gfevwdsrk"

[...]

timestamp = 2024-01-10T12:25:34.895417, generated = 
  arg0: "sgllykybxi"

timestamp = 2024-01-10T12:25:34.896059, generated = 
  arg0: "wogdnsnuqqyywx"

timestamp = 2024-01-10T12:25:34.896579, generated = 
  arg0: "vtcwmqmiwggc"

timestamp = 2024-01-10T12:25:34.897029, generated = 
  arg0: "xtwqqushxetco"

timestamp = 2024-01-10T12:25:34.897515, generated = 
  arg0: "jnwrdxridetqinq"

timestamp = 2024-01-10T12:25:34.898168, generated = 
  arg0: "pfvgio"

timestamp = 2024-01-10T12:25:34.898565, generated = 
  arg0: "wur"

timestamp = 2024-01-10T12:25:34.898975, generated = 
  arg0: "rmyyylgll"

timestamp = 2024-01-10T12:25:34.899393, generated = 
  arg0: "dxmo"

timestamp = 2024-01-10T12:25:34.900144, generated = 
  arg0: "ho"

timestamp = 2024-01-10T12:25:34.900830, generated = 
  arg0: "ksht"

timestamp = 2024-01-10T12:25:34.901502, generated = 
  arg0: "uvsphwupkffygfg"

timestamp = 2024-01-10T12:25:34.902069, generated = 
  arg0: "ikixyjyfuhfhlto"

timestamp = 2024-01-10T12:25:34.902531, generated = 
  arg0: "kuxpfjcd"

timestamp = 2024-01-10T12:25:34.903028, generated = 
  arg0: "khbrfgybwsqqppv"

timestamp = 2024-01-10T12:25:34.903470, generated = 
  arg0: "tspir"

timestamp = 2024-01-10T12:25:34.903866, generated = 
  arg0: "ifrqmijxdrcxoi"

timestamp = 2024-01-10T12:25:34.904281, generated = 
  arg0: "lrlumxoqq"

timestamp = 2024-01-10T12:25:34.904613, generated = 
  arg0: "frvcom"

timestamp = 2024-01-10T12:25:34.904953, generated = 
  arg0: "odh"

timestamp = 2024-01-10T12:25:34.905442, generated = 
  arg0: "ebuevpebdi"

timestamp = 2024-01-10T12:25:34.905925, generated = 
  arg0: "ypswmyrpdiwkv"

timestamp = 2024-01-10T12:25:34.906300, generated = 
  arg0: "cuhrslmhevux"

timestamp = 2024-01-10T12:25:34.906723, generated = 
  arg0: "ttlj"

timestamp = 2024-01-10T12:25:34.907111, generated = 
  arg0: "hjccycxg"

timestamp = 2024-01-10T12:25:34.907515, generated = 
  arg0: "ciuididdbhjgmb"

timestamp = 2024-01-10T12:25:34.907974, generated = 
  arg0: "kxbxdvudtq"

timestamp = 2024-01-10T12:25:34.908342, generated = 
  arg0: "owmsfvhysrlf"

timestamp = 2024-01-10T12:25:34.908777, generated = 
  arg0: "kst"

timestamp = 2024-01-10T12:25:34.909148, generated = 
  arg0: "ciigywik"

timestamp = 2024-01-10T12:25:34.909725, generated = 
  arg0: "telk"

timestamp = 2024-01-10T12:25:34.910188, generated = 
  arg0: "clkrvji"

timestamp = 2024-01-10T12:25:34.910737, generated = 
  arg0: "nsolirexdmwngc"

timestamp = 2024-01-10T12:25:34.911175, generated = 
  arg0: "yhnm"

timestamp = 2024-01-10T12:25:34.911895, generated = 
  arg0: "shujlqcgwi"

timestamp = 2024-01-10T12:25:34.912420, generated = 
  arg0: "ll"

timestamp = 2024-01-10T12:25:34.912937, generated = 
  arg0: "nydrhvbuwnshbty"

timestamp = 2024-01-10T12:25:34.913450, generated = 
  arg0: "wtyyclwt"

timestamp = 2024-01-10T12:25:34.913886, generated = 
  arg0: "uhgim"

timestamp = 2024-01-10T12:25:34.914395, generated = 
  arg0: "gtjr"

timestamp = 2024-01-10T12:25:34.914912, generated = 
  arg0: "futbpp"

timestamp = 2024-01-10T12:25:34.915273, generated = 
  arg0: "wmlt"

timestamp = 2024-01-10T12:25:34.915789, generated = 
  arg0: "qymuik"

timestamp = 2024-01-10T12:25:34.916200, generated = 
  arg0: "bheufmvtv"

timestamp = 2024-01-10T12:25:34.916611, generated = 
  arg0: "lsu"

timestamp = 2024-01-10T12:25:34.917015, generated = 
  arg0: "picghsrnnrfrbg"

timestamp = 2024-01-10T12:25:34.917997, generated = 
  arg0: "xyubcjqllgi"

timestamp = 2024-01-10T12:25:34.918548, generated = 
  arg0: "gmivnfjxtbl"

timestamp = 2024-01-10T12:25:34.919184, generated = 
  arg0: "lho"

timestamp = 2024-01-10T12:25:34.919739, generated = 
  arg0: "yccdivp"

timestamp = 2024-01-10T12:25:34.920229, generated = 
  arg0: "plositchtpdsqhq"

timestamp = 2024-01-10T12:25:34.920645, generated = 
  arg0: "ghwwrdwbimyky"

timestamp = 2024-01-10T12:25:34.921085, generated = 
  arg0: "hhge"

timestamp = 2024-01-10T12:25:34.921589, generated = 
  arg0: "myltwnxtu"

timestamp = 2024-01-10T12:25:34.922095, generated = 
  arg0: "nuvyedb"

timestamp = 2024-01-10T12:25:34.922525, generated = 
  arg0: "xwrhln"

timestamp = 2024-01-10T12:25:34.922962, generated = 
  arg0: "bpxltox"

timestamp = 2024-01-10T12:25:34.923390, generated = 
  arg0: "kqktu"

timestamp = 2024-01-10T12:25:34.923804, generated = 
  arg0: "dsybo"

timestamp = 2024-01-10T12:25:34.924163, generated = 
  arg0: "hsc"

timestamp = 2024-01-10T12:25:34.924785, generated = 
  arg0: "urkiivnh"

timestamp = 2024-01-10T12:25:34.925219, generated = 
  arg0: "dqtvdcgle"

timestamp = 2024-01-10T12:25:34.925796, generated = 
  arg0: "outdhdeuyokls"

timestamp = 2024-01-10T12:25:34.926473, generated = 
  arg0: "ibcbqkqbu"

timestamp = 2024-01-10T12:25:34.926979, generated = 
  arg0: "vp"

timestamp = 2024-01-10T12:25:34.927449, generated = 
  arg0: "yrltpnnefpg"

timestamp = 2024-01-10T12:25:34.927883, generated = 
  arg0: "oypvgljtrueckfi"

timestamp = 2024-01-10T12:25:34.928624, generated = 
  arg0: "ikoewvmbcb"

timestamp = 2024-01-10T12:25:34.929714, generated = 
  arg0: "qptxjkq"

timestamp = 2024-01-10T12:25:34.930554, generated = 
  arg0: "eoelyydmurkvypk"

timestamp = 2024-01-10T12:25:34.930995, generated = 
  arg0: "bvhkdlcciwdnwdk"

timestamp = 2024-01-10T12:25:34.931317, generated = 
  arg0: "nbciferbqheriqc"

timestamp = 2024-01-10T12:25:34.931696, generated = 
  arg0: "wsxoruo"

timestamp = 2024-01-10T12:25:34.932144, generated = 
  arg0: "sfy"

timestamp = 2024-01-10T12:25:34.932457, generated = 
  arg0: "hitcxjkcjet"

timestamp = 2024-01-10T12:25:34.932900, generated = 
  arg0: "yufpdwlrhgwm"

timestamp = 2024-01-10T12:25:34.933390, generated = 
  arg0: "lnyrsrgsuqxcbm"

timestamp = 2024-01-10T12:25:34.933671, generated = 
  arg0: "hnojjwojxnn"

timestamp = 2024-01-10T12:25:34.934039, generated = 
  arg0: "jm"

timestamp = 2024-01-10T12:25:34.934534, generated = 
  arg0: "vhdxdlfqd"

timestamp = 2024-01-10T12:25:34.935090, generated = 
  arg0: "hcehuhkcdlwb"

timestamp = 2024-01-10T12:25:34.935524, generated = 
  arg0: "kvwvnyggcfli"

timestamp = 2024-01-10T12:25:34.935939, generated = 
  arg0: "otmxeqljfks"

timestamp = 2024-01-10T12:25:34.936349, generated = 
  arg0: "ljrblbdedhicx"

timestamp = 2024-01-10T12:25:34.936762, generated = 
  arg0: "ihfcpqfc"

timestamp = 2024-01-10T12:25:34.937193, generated = 
  arg0: "mwuwxxgh"

timestamp = 2024-01-10T12:25:34.937591, generated = 
  arg0: "koppnmcpehud"

timestamp = 2024-01-10T12:25:34.938078, generated = 
  arg0: "lmvn"

timestamp = 2024-01-10T12:25:34.938467, generated = 
  arg0: "epqtenm"

timestamp = 2024-01-10T12:25:34.938894, generated = 
  arg0: "inxorxwboisvkd"

timestamp = 2024-01-10T12:25:34.939394, generated = 
  arg0: "gnehqwf"

timestamp = 2024-01-10T12:25:34.939918, generated = 
  arg0: "yhxs"

timestamp = 2024-01-10T12:25:34.940374, generated = 
  arg0: "kpj"

timestamp = 2024-01-10T12:25:34.941014, generated = 
  arg0: "ogciofeckd"

timestamp = 2024-01-10T12:25:34.941568, generated = 
  arg0: "hxnyu"

timestamp = 2024-01-10T12:25:34.942012, generated = 
  arg0: "noqtmqmc"

timestamp = 2024-01-10T12:25:34.942621, generated = 
  arg0: "ftbq"

timestamp = 2024-01-10T12:25:34.943028, generated = 
  arg0: "xjmtqlsdojkdyt"

timestamp = 2024-01-10T12:25:34.943460, generated = 
  arg0: "mbpeghr"

timestamp = 2024-01-10T12:25:34.943910, generated = 
  arg0: "ovwnhooksqk"

timestamp = 2024-01-10T12:25:34.944361, generated = 
  arg0: "mcil"

timestamp = 2024-01-10T12:25:34.944845, generated = 
  arg0: "uynlhyvqerieuml"

timestamp = 2024-01-10T12:25:34.945343, generated = 
  arg0: "wextjumxfdik"

timestamp = 2024-01-10T12:25:34.945875, generated = 
  arg0: "frcsqdjsysk"

timestamp = 2024-01-10T12:25:34.946949, generated = 
  arg0: "ufgi"

timestamp = 2024-01-10T12:25:34.947519, generated = 
  arg0: "cfpfykt"

timestamp = 2024-01-10T12:25:34.947985, generated = 
  arg0: "vub"

timestamp = 2024-01-10T12:25:34.948476, generated = 
  arg0: "censvkgerwjvqk"

timestamp = 2024-01-10T12:25:34.948920, generated = 
  arg0: "kclnkwrkpwin"

timestamp = 2024-01-10T12:25:34.949362, generated = 
  arg0: "wluuvsq"

timestamp = 2024-01-10T12:25:34.949891, generated = 
  arg0: "nbsjcge"

timestamp = 2024-01-10T12:25:34.950327, generated = 
  arg0: "gym"

timestamp = 2024-01-10T12:25:34.950845, generated = 
  arg0: "vwgqhewr"

timestamp = 2024-01-10T12:25:34.951294, generated = 
  arg0: "hcvvjfrpnxhn"

timestamp = 2024-01-10T12:25:34.951697, generated = 
  arg0: "wlxsrw"

timestamp = 2024-01-10T12:25:34.952114, generated = 
  arg0: "cdqvhxxcl"

timestamp = 2024-01-10T12:25:34.952642, generated = 
  arg0: "rdbjdwy"

timestamp = 2024-01-10T12:25:34.953011, generated = 
  arg0: "yy"

timestamp = 2024-01-10T12:25:34.953401, generated = 
  arg0: "sy"

timestamp = 2024-01-10T12:25:34.953761, generated = 
  arg0: "dy"

timestamp = 2024-01-10T12:25:34.954167, generated = 
  arg0: "fukuimxqiwqw"

timestamp = 2024-01-10T12:25:34.954637, generated = 
  arg0: "cu"

timestamp = 2024-01-10T12:25:34.954923, generated = 
  arg0: "ucelpweggb"

timestamp = 2024-01-10T12:25:34.955335, generated = 
  arg0: "jocpojydjtsmdp"

timestamp = 2024-01-10T12:25:34.955728, generated = 
  arg0: "bb"

timestamp = 2024-01-10T12:25:34.956225, generated = 
  arg0: "ulpxgvsdld"

timestamp = 2024-01-10T12:25:34.956600, generated = 
  arg0: "qmoohtlcpvwshgw"

timestamp = 2024-01-10T12:25:34.957059, generated = 
  arg0: "upjfyldsciiinnf"

timestamp = 2024-01-10T12:25:34.957477, generated = 
  arg0: "wqwxoer"

timestamp = 2024-01-10T12:25:34.958127, generated = 
  arg0: "dodwtmtqqiurwph"

timestamp = 2024-01-10T12:25:34.959284, generated = 
  arg0: "vnmrnbihhufcwm"

timestamp = 2024-01-10T12:25:34.959829, generated = 
  arg0: "khlbnrxfsnoovhf"

timestamp = 2024-01-10T12:25:34.960759, generated = 
  arg0: "iwudrmiculi"

timestamp = 2024-01-10T12:25:34.961274, generated = 
  arg0: "phdtphfhnteeuou"

timestamp = 2024-01-10T12:25:34.961821, generated = 
  arg0: "ofrlehgjntkesp"

timestamp = 2024-01-10T12:25:34.962353, generated = 
  arg0: "mcpmko"

timestamp = 2024-01-10T12:25:34.962792, generated = 
  arg0: "cpgcyyicuyfwyrp"

timestamp = 2024-01-10T12:25:34.963279, generated = 
  arg0: "xcrgbc"

timestamp = 2024-01-10T12:25:34.963786, generated = 
  arg0: "tfigymwdffbh"

timestamp = 2024-01-10T12:25:34.964260, generated = 
  arg0: "tvnsrpni"

timestamp = 2024-01-10T12:25:34.964709, generated = 
  arg0: "lrkldcub"

timestamp = 2024-01-10T12:25:34.965264, generated = 
  arg0: "yy"

timestamp = 2024-01-10T12:25:34.965640, generated = 
  arg0: "qdo"

timestamp = 2024-01-10T12:25:34.966121, generated = 
  arg0: "lgoufwlmynr"

timestamp = 2024-01-10T12:25:34.966566, generated = 
  arg0: "ejemtyw"

timestamp = 2024-01-10T12:25:34.966993, generated = 
  arg0: "fkdcuu"

timestamp = 2024-01-10T12:25:34.967476, generated = 
  arg0: "gnkbnmonvbysn"

timestamp = 2024-01-10T12:25:34.967862, generated = 
  arg0: "tytfc"

timestamp = 2024-01-10T12:25:34.968268, generated = 
  arg0: "nyn"

timestamp = 2024-01-10T12:25:34.968684, generated = 
  arg0: "qtlodce"

timestamp = 2024-01-10T12:25:34.969010, generated = 
  arg0: "yy"

timestamp = 2024-01-10T12:25:34.969850, generated = 
  arg0: "xgbeocipuy"

timestamp = 2024-01-10T12:25:34.970496, generated = 
  arg0: "nftbodnbwnbi"

timestamp = 2024-01-10T12:25:34.970971, generated = 
  arg0: "moppvkxtuhpt"

timestamp = 2024-01-10T12:25:34.971485, generated = 
  arg0: "gsftqubedp"

timestamp = 2024-01-10T12:25:34.971946, generated = 
  arg0: "kmcwel"

timestamp = 2024-01-10T12:25:34.972417, generated = 
  arg0: "qdhpbntl"

timestamp = 2024-01-10T12:25:34.972927, generated = 
  arg0: "efvohurrltsse"

timestamp = 2024-01-10T12:25:34.973509, generated = 
  arg0: "uemnguoewdfjeyy"

timestamp = 2024-01-10T12:25:34.974033, generated = 
  arg0: "ygucbbfokvf"

timestamp = 2024-01-10T12:25:34.974553, generated = 
  arg0: "qo"

timestamp = 2024-01-10T12:25:34.975019, generated = 
  arg0: "rytnlc"

timestamp = 2024-01-10T12:25:34.975471, generated = 
  arg0: "cnmr"

timestamp = 2024-01-10T12:25:34.976195, generated = 
  arg0: "njsjgufgejkfh"

timestamp = 2024-01-10T12:25:34.976702, generated = 
  arg0: "sen"

timestamp = 2024-01-10T12:25:34.977282, generated = 
  arg0: "rtnyodlsqmrn"

timestamp = 2024-01-10T12:25:34.977881, generated = 
  arg0: "jhevoosccllfqu"

timestamp = 2024-01-10T12:25:34.978500, generated = 
  arg0: "futqxiubeo"

timestamp = 2024-01-10T12:25:34.979021, generated = 
  arg0: "kfmgwcqvtun"

timestamp = 2024-01-10T12:25:34.979480, generated = 
  arg0: "bssxstorucdi"

timestamp = 2024-01-10T12:25:34.980030, generated = 
  arg0: "gydpggpjljjppps"

timestamp = 2024-01-10T12:25:34.980528, generated = 
  arg0: "ydnyivfn"

timestamp = 2024-01-10T12:25:34.981091, generated = 
  arg0: "ncbqlydstd"

timestamp = 2024-01-10T12:25:34.981581, generated = 
  arg0: "ecphcldje"

timestamp = 2024-01-10T12:25:34.982038, generated = 
  arg0: "ugpixri"

timestamp = 2024-01-10T12:25:34.982458, generated = 
  arg0: "juu"

timestamp = 2024-01-10T12:25:34.983025, generated = 
  arg0: "ebhtiykxqffn"

timestamp = 2024-01-10T12:25:34.983380, generated = 
  arg0: "genjllwbg"

timestamp = 2024-01-10T12:25:34.983773, generated = 
  arg0: "bb"

timestamp = 2024-01-10T12:25:34.984375, generated = 
  arg0: "ncjs"

timestamp = 2024-01-10T12:25:34.984875, generated = 
  arg0: "xe"

timestamp = 2024-01-10T12:25:34.985404, generated = 
  arg0: "msywnm"

timestamp = 2024-01-10T12:25:34.985861, generated = 
  arg0: "hvvlvxl"

timestamp = 2024-01-10T12:25:34.986350, generated = 
  arg0: "wgcntodiutors"

timestamp = 2024-01-10T12:25:34.987547, generated = 
  arg0: "owrpywvyfyxq"

timestamp = 2024-01-10T12:25:34.988146, generated = 
  arg0: "wmgurvfwt"

timestamp = 2024-01-10T12:25:34.988770, generated = 
  arg0: "sovcubln"

timestamp = 2024-01-10T12:25:34.989276, generated = 
  arg0: "tncmcbj"

timestamp = 2024-01-10T12:25:34.989925, generated = 
  arg0: "fwttblsrvvibvrv"

timestamp = 2024-01-10T12:25:34.990510, generated = 
  arg0: "rmwsfbthdj"

timestamp = 2024-01-10T12:25:34.991068, generated = 
  arg0: "ujbkg"

timestamp = 2024-01-10T12:25:34.991534, generated = 
  arg0: "twop"

timestamp = 2024-01-10T12:25:34.991976, generated = 
  arg0: "ty"

timestamp = 2024-01-10T12:25:34.992483, generated = 
  arg0: "huiwpoqikndb"

timestamp = 2024-01-10T12:25:34.993227, generated = 
  arg0: "jlshbsyk"

timestamp = 2024-01-10T12:25:34.993789, generated = 
  arg0: "uhup"

timestamp = 2024-01-10T12:25:34.994303, generated = 
  arg0: "dmywemv"

timestamp = 2024-01-10T12:25:34.994932, generated = 
  arg0: "fxjojqjowscymll"

timestamp = 2024-01-10T12:25:34.995443, generated = 
  arg0: "uihlfwgkjglx"

timestamp = 2024-01-10T12:25:34.995921, generated = 
  arg0: "vegxiunfswod"

timestamp = 2024-01-10T12:25:34.996328, generated = 
  arg0: "uop"

timestamp = 2024-01-10T12:25:34.996720, generated = 
  arg0: "bhgj"

timestamp = 2024-01-10T12:25:34.997235, generated = 
  arg0: "sgor"

timestamp = 2024-01-10T12:25:34.997582, generated = 
  arg0: "bxpjcjqqujb"

timestamp = 2024-01-10T12:25:34.997988, generated = 
  arg0: "ywlweyii"

timestamp = 2024-01-10T12:25:34.998537, generated = 
  arg0: "bb"

timestamp = 2024-01-10T12:25:34.999130, generated = 
  arg0: "xhov"

timestamp = 2024-01-10T12:25:34.999626, generated = 
  arg0: "xoewodrx"

timestamp = 2024-01-10T12:25:35.000065, generated = 
  arg0: "yfuuknrmddhm"

timestamp = 2024-01-10T12:25:35.000476, generated = 
  arg0: "xobjufh"

timestamp = 2024-01-10T12:25:35.003178, [LetterOrderCheckerTest:passCase] (1000) Lunghezza = 
       # | label | count | 
    -----|-------|-------|---------------------------------------------------------------------------------
       0 |     2 |   112 | ■■■■■■■■■■■■■■■■■■■■■■■■■■■■■■■■■■■■■■■■■■■■■■■■■■■■■■■■■■■■■■■■■■■■■■■■■■■■■■■■
       1 |     3 |    84 | ■■■■■■■■■■■■■■■■■■■■■■■■■■■■■■■■■■■■■■■■■■■■■■■■■■■■■■■■■■■■
       2 |     4 |    79 | ■■■■■■■■■■■■■■■■■■■■■■■■■■■■■■■■■■■■■■■■■■■■■■■■■■■■■■■■
       3 |     5 |    43 | ■■■■■■■■■■■■■■■■■■■■■■■■■■■■■■
       4 |     6 |    78 | ■■■■■■■■■■■■■■■■■■■■■■■■■■■■■■■■■■■■■■■■■■■■■■■■■■■■■■■
       5 |     7 |    93 | ■■■■■■■■■■■■■■■■■■■■■■■■■■■■■■■■■■■■■■■■■■■■■■■■■■■■■■■■■■■■■■■■■■
       6 |     8 |    57 | ■■■■■■■■■■■■■■■■■■■■■■■■■■■■■■■■■■■■■■■■
       7 |     9 |    65 | ■■■■■■■■■■■■■■■■■■■■■■■■■■■■■■■■■■■■■■■■■■■■■■
       8 |    10 |    62 | ■■■■■■■■■■■■■■■■■■■■■■■■■■■■■■■■■■■■■■■■■■■■
       9 |    11 |    64 | ■■■■■■■■■■■■■■■■■■■■■■■■■■■■■■■■■■■■■■■■■■■■■
      10 |    12 |    74 | ■■■■■■■■■■■■■■■■■■■■■■■■■■■■■■■■■■■■■■■■■■■■■■■■■■■■
      11 |    13 |    68 | ■■■■■■■■■■■■■■■■■■■■■■■■■■■■■■■■■■■■■■■■■■■■■■■■
      12 |    14 |    65 | ■■■■■■■■■■■■■■■■■■■■■■■■■■■■■■■■■■■■■■■■■■■■■■
      13 |    15 |    56 | ■■■■■■■■■■■■■■■■■■■■■■■■■■■■■■■■■■■■■■■■

timestamp = 2024-01-10T12:25:35.005573, [LetterOrderCheckerTest:passCase] (1000) Indice = 
       # | label | count | 
    -----|-------|-------|---------------------------------------------------------------------------------
       0 |     1 |   280 | ■■■■■■■■■■■■■■■■■■■■■■■■■■■■■■■■■■■■■■■■■■■■■■■■■■■■■■■■■■■■■■■■■■■■■■■■■■■■■■■■
       1 |     2 |   165 | ■■■■■■■■■■■■■■■■■■■■■■■■■■■■■■■■■■■■■■■■■■■■■■■
       2 |     3 |   117 | ■■■■■■■■■■■■■■■■■■■■■■■■■■■■■■■■■
       3 |     4 |    77 | ■■■■■■■■■■■■■■■■■■■■■■
       4 |     5 |    70 | ■■■■■■■■■■■■■■■■■■■■
       5 |     6 |    64 | ■■■■■■■■■■■■■■■■■■
       6 |     7 |    65 | ■■■■■■■■■■■■■■■■■■
       7 |     8 |    40 | ■■■■■■■■■■■
       8 |     9 |    41 | ■■■■■■■■■■■
       9 |    10 |    23 | ■■■■■■
      10 |    11 |    28 | ■■■■■■■■
      11 |    12 |    17 | ■■■■
      12 |    13 |     7 | ■■
      13 |    14 |     6 | ■

timestamp = 2024-01-10T12:25:35.007682, [LetterOrderCheckerTest:passCase] (1000) Numero di A = 
       # | label | count | 
    -----|-------|-------|---------------------------------------------------------------------------------
       0 |     1 |   497 | ■■■■■■■■■■■■■■■■■■■■■■■■■■■■■■■■■■■■■■■■■■■■■■■■■■■■■■■■■■■■■■■■■■■■■■■■■■■■■■■■
       1 |     2 |   175 | ■■■■■■■■■■■■■■■■■■■■■■■■■■■■
       2 |     3 |   107 | ■■■■■■■■■■■■■■■■■
       3 |     4 |    60 | ■■■■■■■■■
       4 |     5 |    52 | ■■■■■■■■
       5 |     6 |    39 | ■■■■■■
       6 |     7 |    24 | ■■■
       7 |     8 |    19 | ■■■
       8 |     9 |    13 | ■■
       9 |    10 |     5 | 
      10 |    11 |     6 | 
      11 |    13 |     2 | 
      12 |    14 |     1 | 

timestamp = 2024-01-10T12:25:35.009345, [LetterOrderCheckerTest:passCase] (1000) Numero di z = 
       # | label | count | 
    -----|-------|-------|---------------------------------------------------------------------------------
       0 |     1 |   491 | ■■■■■■■■■■■■■■■■■■■■■■■■■■■■■■■■■■■■■■■■■■■■■■■■■■■■■■■■■■■■■■■■■■■■■■■■■■■■■■■■
       1 |     2 |   195 | ■■■■■■■■■■■■■■■■■■■■■■■■■■■■■■■
       2 |     3 |   111 | ■■■■■■■■■■■■■■■■■■
       3 |     4 |    74 | ■■■■■■■■■■■■
       4 |     5 |    50 | ■■■■■■■■
       5 |     6 |    32 | ■■■■■
       6 |     7 |    22 | ■■■
       7 |     8 |    12 | ■
       8 |     9 |     7 | ■
       9 |    10 |     2 | 
      10 |    11 |     3 | 
      11 |    12 |     1 | 

timestamp = 2024-01-10T12:25:35.010337, LetterOrderCheckerTest:passCase = 
                              |-----------------------jqwik-----------------------
tries = 1000                  | # of calls to property
checks = 1000                 | # of not rejected calls
generation = RANDOMIZED       | parameters are randomly generated
after-failure = SAMPLE_FIRST  | try previously failed sample, then previous seed
when-fixed-seed = ALLOW       | fixing the random seed is allowed
edge-cases#mode = MIXIN       | edge cases are mixed in
edge-cases#total = 2          | # of all combined edge cases
edge-cases#tried = 2          | # of edge cases tried in current run
seed = -1949995986751119135   | random seed to reproduce generated values


]]></system-out>
  <system-err><![CDATA[]]></system-err>
</testsuite>
